::ffff:127.0.0.1 - - [22/Dec/2018:23:57:50 +0000] "GET / HTTP/1.1" 200 17
::ffff:127.0.0.1 - - [23/Dec/2018:00:10:56 +0000] "GET / HTTP/1.1" 404 14
::ffff:127.0.0.1 - - [23/Dec/2018:00:11:10 +0000] "GET / HTTP/1.1" 404 14
::ffff:127.0.0.1 - - [23/Dec/2018:00:11:12 +0000] "GET / HTTP/1.1" 404 14
::ffff:127.0.0.1 - - [23/Dec/2018:00:11:34 +0000] "GET / HTTP/1.1" 404 14
::ffff:127.0.0.1 - - [23/Dec/2018:00:11:52 +0000] "GET / HTTP/1.1" 404 14
::ffff:127.0.0.1 - - [23/Dec/2018:00:11:58 +0000] "GET / HTTP/1.1" 404 14
::ffff:127.0.0.1 - - [23/Dec/2018:00:12:42 +0000] "GET / HTTP/1.1" 404 14
::ffff:127.0.0.1 - - [23/Dec/2018:00:12:47 +0000] "GET / HTTP/1.1" 404 14
::ffff:127.0.0.1 - - [23/Dec/2018:00:13:16 +0000] "GET / HTTP/1.1" 200 -
::ffff:127.0.0.1 - - [23/Dec/2018:00:13:48 +0000] "GET / HTTP/1.1" 404 14
::ffff:127.0.0.1 - - [23/Dec/2018:00:13:55 +0000] "GET / HTTP/1.1" 404 14
::ffff:127.0.0.1 - - [23/Dec/2018:00:14:04 +0000] "GET / HTTP/1.1" 404 14
::ffff:127.0.0.1 - - [23/Dec/2018:00:14:19 +0000] "GET / HTTP/1.1" 200 -
::ffff:127.0.0.1 - - [23/Dec/2018:00:14:52 +0000] "GET / HTTP/1.1" 200 -
::ffff:127.0.0.1 - - [23/Dec/2018:00:15:02 +0000] "GET / HTTP/1.1" 200 -
::ffff:127.0.0.1 - - [23/Dec/2018:00:15:19 +0000] "GET / HTTP/1.1" 200 -
::ffff:127.0.0.1 - - [23/Dec/2018:00:18:43 +0000] "GET / HTTP/1.1" 200 -
::1 - - [23/Dec/2018:00:18:47 +0000] "GET /?id=5 HTTP/1.1" 200 -
::1 - - [23/Dec/2018:00:19:03 +0000] "GET / HTTP/1.1" 200 -
::1 - - [23/Dec/2018:00:19:07 +0000] "GET /?id=6 HTTP/1.1" 200 -
::1 - - [23/Dec/2018:00:23:04 +0000] "GET /?id=5 HTTP/1.1" 200 -
::1 - - [23/Dec/2018:00:23:23 +0000] "GET /?id=5 HTTP/1.1" 200 -
::1 - - [23/Dec/2018:00:23:25 +0000] "GET /newGame?id=6 HTTP/1.1" 404 33
::ffff:127.0.0.1 - - [23/Dec/2018:00:23:58 +0000] "GET / HTTP/1.1" 200 -
::1 - - [23/Dec/2018:00:24:02 +0000] "GET /newGame?id=6 HTTP/1.1" 404 33
::ffff:127.0.0.1 - - [23/Dec/2018:00:24:27 +0000] "GET / HTTP/1.1" 200 -
::ffff:127.0.0.1 - - [23/Dec/2018:00:24:28 +0000] "GET / HTTP/1.1" 200 -
::ffff:127.0.0.1 - - [23/Dec/2018:00:24:28 +0000] "GET / HTTP/1.1" 200 -
::ffff:127.0.0.1 - - [23/Dec/2018:00:24:28 +0000] "GET / HTTP/1.1" 200 -
::ffff:127.0.0.1 - - [23/Dec/2018:00:24:28 +0000] "GET / HTTP/1.1" 200 -
::ffff:127.0.0.1 - - [23/Dec/2018:00:24:29 +0000] "GET / HTTP/1.1" 200 -
::ffff:127.0.0.1 - - [23/Dec/2018:00:24:29 +0000] "GET / HTTP/1.1" 200 -
::ffff:127.0.0.1 - - [23/Dec/2018:00:24:29 +0000] "GET / HTTP/1.1" 200 -
::ffff:127.0.0.1 - - [23/Dec/2018:00:24:29 +0000] "GET / HTTP/1.1" 200 -
::ffff:127.0.0.1 - - [23/Dec/2018:00:24:29 +0000] "GET / HTTP/1.1" 200 -
::ffff:127.0.0.1 - - [23/Dec/2018:00:24:30 +0000] "GET / HTTP/1.1" 200 -
::ffff:127.0.0.1 - - [23/Dec/2018:00:24:30 +0000] "GET / HTTP/1.1" 200 -
::ffff:127.0.0.1 - - [23/Dec/2018:00:24:30 +0000] "GET / HTTP/1.1" 200 -
::ffff:127.0.0.1 - - [23/Dec/2018:00:24:30 +0000] "GET / HTTP/1.1" 200 -
::ffff:127.0.0.1 - - [23/Dec/2018:00:24:30 +0000] "GET / HTTP/1.1" 200 -
::ffff:127.0.0.1 - - [23/Dec/2018:00:24:31 +0000] "GET / HTTP/1.1" 200 -
::ffff:127.0.0.1 - - [23/Dec/2018:00:24:33 +0000] "GET / HTTP/1.1" 200 -
::ffff:127.0.0.1 - - [23/Dec/2018:00:24:34 +0000] "GET / HTTP/1.1" 200 -
::ffff:127.0.0.1 - - [23/Dec/2018:00:24:38 +0000] "GET / HTTP/1.1" 200 -
::ffff:127.0.0.1 - - [23/Dec/2018:00:24:38 +0000] "GET / HTTP/1.1" 200 -
::ffff:127.0.0.1 - - [23/Dec/2018:00:24:39 +0000] "GET / HTTP/1.1" 200 -
::ffff:127.0.0.1 - - [23/Dec/2018:00:24:39 +0000] "GET / HTTP/1.1" 200 -
::ffff:127.0.0.1 - - [23/Dec/2018:00:24:39 +0000] "GET / HTTP/1.1" 200 -
::ffff:127.0.0.1 - - [23/Dec/2018:00:24:39 +0000] "GET / HTTP/1.1" 200 -
::ffff:127.0.0.1 - - [23/Dec/2018:00:24:39 +0000] "GET / HTTP/1.1" 200 -
::ffff:127.0.0.1 - - [23/Dec/2018:00:24:39 +0000] "GET / HTTP/1.1" 200 -
::ffff:127.0.0.1 - - [23/Dec/2018:00:24:40 +0000] "GET / HTTP/1.1" 200 -
::ffff:127.0.0.1 - - [23/Dec/2018:00:24:40 +0000] "GET / HTTP/1.1" 200 -
::ffff:127.0.0.1 - - [23/Dec/2018:00:24:40 +0000] "GET / HTTP/1.1" 200 -
::1 - - [23/Dec/2018:00:24:57 +0000] "GET / HTTP/1.1" 200 -
::1 - - [23/Dec/2018:00:25:03 +0000] "GET /newGame HTTP/1.1" 404 33
::1 - - [23/Dec/2018:00:25:06 +0000] "GET /newGame HTTP/1.1" 404 33
::1 - - [23/Dec/2018:00:25:33 +0000] "GET /newGame HTTP/1.1" 404 33
::1 - - [23/Dec/2018:00:25:38 +0000] "GET /newGame/hallo HTTP/1.1" 404 33
::ffff:127.0.0.1 - - [23/Dec/2018:00:26:59 +0000] "GET /newGame HTTP/1.1" 200 15
::ffff:127.0.0.1 - - [23/Dec/2018:00:27:07 +0000] "GET / HTTP/1.1" 200 -
::1 - - [23/Dec/2018:00:27:10 +0000] "GET /newGame?id=5 HTTP/1.1" 200 15
::1 - - [23/Dec/2018:00:32:25 +0000] "GET /newGame?id=5 HTTP/1.1" 404 33
::ffff:127.0.0.1 - - [23/Dec/2018:00:32:52 +0000] "GET / HTTP/1.1" 200 -
::ffff:127.0.0.1 - - [23/Dec/2018:00:32:58 +0000] "GET / HTTP/1.1" 200 -
::ffff:127.0.0.1 - - [23/Dec/2018:00:33:09 +0000] "GET / HTTP/1.1" 200 -
::1 - - [23/Dec/2018:00:33:21 +0000] "GET / HTTP/1.1" 200 -
::1 - - [23/Dec/2018:00:33:21 +0000] "GET /favicon.ico HTTP/1.1" 404 33
::1 - - [23/Dec/2018:00:33:25 +0000] "GET /newGame?id=5 HTTP/1.1" 404 33
::1 - - [23/Dec/2018:00:33:41 +0000] "GET /newGame?id=5 HTTP/1.1" 200 15
::1 - - [23/Dec/2018:00:33:54 +0000] "GET /newGame?id=5 HTTP/1.1" 304 -
::1 - - [23/Dec/2018:00:34:24 +0000] "GET /newGame?id=5 HTTP/1.1" 304 -
::ffff:127.0.0.1 - - [23/Dec/2018:00:38:47 +0000] "GET / HTTP/1.1" 200 -
::1 - - [23/Dec/2018:00:38:48 +0000] "GET /newGame? HTTP/1.1" 500 125
::ffff:127.0.0.1 - - [23/Dec/2018:00:40:51 +0000] "GET / HTTP/1.1" 200 -
::ffff:127.0.0.1 - - [23/Dec/2018:00:40:53 +0000] "GET / HTTP/1.1" 200 -
::ffff:127.0.0.1 - - [23/Dec/2018:00:41:00 +0000] "GET / HTTP/1.1" 200 -
::1 - - [23/Dec/2018:00:41:14 +0000] "GET /newGame? HTTP/1.1" 500 80
::ffff:127.0.0.1 - - [23/Dec/2018:00:41:44 +0000] "GET / HTTP/1.1" 200 -
::ffff:127.0.0.1 - - [23/Dec/2018:00:41:44 +0000] "GET / HTTP/1.1" 200 -
::ffff:127.0.0.1 - - [23/Dec/2018:00:41:45 +0000] "GET / HTTP/1.1" 200 -
::ffff:127.0.0.1 - - [23/Dec/2018:00:42:35 +0000] "GET / HTTP/1.1" 200 -
::ffff:127.0.0.1 - - [23/Dec/2018:00:42:36 +0000] "GET / HTTP/1.1" 200 -
::ffff:127.0.0.1 - - [23/Dec/2018:00:42:39 +0000] "POST / HTTP/1.1" 404 33
::1 - - [23/Dec/2018:00:42:39 +0000] "GET /newGame? HTTP/1.1" 200 -
::ffff:127.0.0.1 - - [23/Dec/2018:00:42:43 +0000] "GET / HTTP/1.1" 200 -
::1 - - [23/Dec/2018:00:42:46 +0000] "GET /? HTTP/1.1" 200 -
::1 - - [23/Dec/2018:00:42:46 +0000] "GET /newGame? HTTP/1.1" 200 -
::1 - - [23/Dec/2018:00:42:47 +0000] "GET /? HTTP/1.1" 200 -
::1 - - [23/Dec/2018:00:42:48 +0000] "GET /newGame? HTTP/1.1" 200 -
::1 - - [23/Dec/2018:00:42:48 +0000] "GET /? HTTP/1.1" 200 -
::1 - - [23/Dec/2018:00:42:49 +0000] "GET /newGame? HTTP/1.1" 200 -
::1 - - [23/Dec/2018:00:42:49 +0000] "GET /? HTTP/1.1" 200 -
::1 - - [23/Dec/2018:00:42:49 +0000] "GET /newGame? HTTP/1.1" 200 -
::1 - - [23/Dec/2018:00:42:50 +0000] "GET /? HTTP/1.1" 200 -
::1 - - [23/Dec/2018:00:42:50 +0000] "GET /? HTTP/1.1" 200 -
::1 - - [23/Dec/2018:00:42:50 +0000] "GET /newGame? HTTP/1.1" 200 -
::1 - - [23/Dec/2018:00:42:51 +0000] "GET /? HTTP/1.1" 200 -
::1 - - [23/Dec/2018:00:42:51 +0000] "GET /? HTTP/1.1" 200 -
::1 - - [23/Dec/2018:00:42:51 +0000] "GET /newGame? HTTP/1.1" 200 -
::1 - - [23/Dec/2018:00:42:52 +0000] "GET /? HTTP/1.1" 200 -
::1 - - [23/Dec/2018:00:42:52 +0000] "GET /newGame? HTTP/1.1" 200 -
::ffff:127.0.0.1 - - [23/Dec/2018:00:44:05 +0000] "GET / HTTP/1.1" 200 -
::1 - - [23/Dec/2018:00:46:07 +0000] "GET /newGame? HTTP/1.1" 200 -
::ffff:127.0.0.1 - - [23/Dec/2018:00:50:01 +0000] "GET / HTTP/1.1" 200 -
::1 - - [23/Dec/2018:00:50:03 +0000] "GET /? HTTP/1.1" 200 -
::1 - - [23/Dec/2018:00:50:04 +0000] "GET /newGame? HTTP/1.1" 200 3429
::ffff:127.0.0.1 - - [23/Dec/2018:00:50:43 +0000] "GET / HTTP/1.1" 200 -
::ffff:127.0.0.1 - - [23/Dec/2018:00:50:48 +0000] "GET / HTTP/1.1" 200 -
::ffff:127.0.0.1 - - [23/Dec/2018:00:51:04 +0000] "GET / HTTP/1.1" 200 -
::ffff:127.0.0.1 - - [23/Dec/2018:00:51:54 +0000] "GET / HTTP/1.1" 200 -
::ffff:127.0.0.1 - - [23/Dec/2018:00:52:09 +0000] "GET / HTTP/1.1" 200 -
::ffff:127.0.0.1 - - [23/Dec/2018:00:54:40 +0000] "GET / HTTP/1.1" 200 -
::ffff:127.0.0.1 - - [23/Dec/2018:00:56:49 +0000] "GET / HTTP/1.1" 200 -
::ffff:127.0.0.1 - - [23/Dec/2018:01:04:54 +0000] "GET / HTTP/1.1" 200 -
::ffff:127.0.0.1 - - [23/Dec/2018:01:04:55 +0000] "GET / HTTP/1.1" 200 -
::ffff:127.0.0.1 - - [23/Dec/2018:01:20:44 +0000] "POST / HTTP/1.1" 404 33
::ffff:127.0.0.1 - - [23/Dec/2018:01:20:48 +0000] "POST / HTTP/1.1" 404 33
::1 - - [23/Dec/2018:01:21:04 +0000] "GET / HTTP/1.1" 200 -
::1 - - [23/Dec/2018:01:21:15 +0000] "GET /newGame? HTTP/1.1" - -
::1 - - [23/Dec/2018:01:21:15 +0000] "GET / HTTP/1.1" 200 -
::ffff:127.0.0.1 - - [23/Dec/2018:01:21:54 +0000] "POST / HTTP/1.1" 404 33
::ffff:127.0.0.1 - - [23/Dec/2018:01:22:08 +0000] "POST / HTTP/1.1" 404 33
::1 - - [23/Dec/2018:01:22:18 +0000] "GET / HTTP/1.1" 200 -
::1 - - [23/Dec/2018:01:22:22 +0000] "GET /newGame? HTTP/1.1" - -
::1 - - [23/Dec/2018:01:22:30 +0000] "GET /newGame?id=5 HTTP/1.1" - -
::ffff:127.0.0.1 - - [23/Dec/2018:01:28:18 +0000] "POST / HTTP/1.1" 404 33
::ffff:127.0.0.1 - - [23/Dec/2018:01:28:22 +0000] "POST / HTTP/1.1" 404 33
::ffff:127.0.0.1 - - [23/Dec/2018:01:29:09 +0000] "POST /test HTTP/1.1" 404 33
::ffff:127.0.0.1 - - [23/Dec/2018:01:29:17 +0000] "POST / HTTP/1.1" 404 33
::ffff:127.0.0.1 - - [23/Dec/2018:01:29:42 +0000] "POST / HTTP/1.1" 404 41
::ffff:127.0.0.1 - - [23/Dec/2018:01:29:44 +0000] "POST / HTTP/1.1" 404 41
::ffff:127.0.0.1 - - [23/Dec/2018:01:29:47 +0000] "POST / HTTP/1.1" 404 41
::ffff:127.0.0.1 - - [23/Dec/2018:01:31:10 +0000] "POST / HTTP/1.1" 404 41
::ffff:127.0.0.1 - - [23/Dec/2018:01:31:19 +0000] "POST / HTTP/1.1" 404 41
::ffff:127.0.0.1 - - [23/Dec/2018:01:31:25 +0000] "POST /test HTTP/1.1" 404 41
::1 - - [23/Dec/2018:01:31:30 +0000] "GET / HTTP/1.1" 200 -
::1 - - [23/Dec/2018:01:31:33 +0000] "GET /test?hiddenID=5 HTTP/1.1" 200 15
::ffff:127.0.0.1 - - [23/Dec/2018:01:31:45 +0000] "POST /test HTTP/1.1" 404 41
::ffff:127.0.0.1 - - [23/Dec/2018:01:31:45 +0000] "POST /test HTTP/1.1" 404 41
::ffff:127.0.0.1 - - [23/Dec/2018:01:31:45 +0000] "POST /test HTTP/1.1" 404 41
::ffff:127.0.0.1 - - [23/Dec/2018:01:31:46 +0000] "POST /test HTTP/1.1" 404 41
::ffff:127.0.0.1 - - [23/Dec/2018:01:31:46 +0000] "POST /test HTTP/1.1" 404 41
::ffff:127.0.0.1 - - [23/Dec/2018:01:31:46 +0000] "POST /test HTTP/1.1" 404 41
::ffff:127.0.0.1 - - [23/Dec/2018:01:32:26 +0000] "GET / HTTP/1.1" 200 -
::1 - - [23/Dec/2018:01:32:29 +0000] "GET /test?hiddenID=5 HTTP/1.1" 200 15
::ffff:127.0.0.1 - - [23/Dec/2018:01:35:50 +0000] "GET / HTTP/1.1" 200 -
::ffff:127.0.0.1 - - [23/Dec/2018:01:36:12 +0000] "GET / HTTP/1.1" 200 -
::1 - - [23/Dec/2018:01:36:39 +0000] "GET / HTTP/1.1" 200 -
::1 - - [23/Dec/2018:01:37:12 +0000] "GET / HTTP/1.1" 200 -
::1 - - [23/Dec/2018:01:38:09 +0000] "GET / HTTP/1.1" 200 -
::1 - - [23/Dec/2018:01:41:03 +0000] "GET / HTTP/1.1" 200 -
::1 - - [23/Dec/2018:01:41:25 +0000] "GET / HTTP/1.1" 200 -
::1 - - [23/Dec/2018:01:41:57 +0000] "GET / HTTP/1.1" 200 -
::1 - - [23/Dec/2018:01:42:01 +0000] "GET / HTTP/1.1" 200 -
::1 - - [23/Dec/2018:01:42:23 +0000] "GET / HTTP/1.1" 200 -
::1 - - [23/Dec/2018:01:42:32 +0000] "GET / HTTP/1.1" 200 -
::1 - - [23/Dec/2018:01:43:58 +0000] "GET / HTTP/1.1" 200 -
::1 - - [23/Dec/2018:01:44:11 +0000] "GET / HTTP/1.1" 200 -
::1 - - [23/Dec/2018:01:44:42 +0000] "GET / HTTP/1.1" 200 -
::1 - - [23/Dec/2018:01:45:14 +0000] "GET / HTTP/1.1" 200 -
::1 - - [23/Dec/2018:01:45:46 +0000] "GET / HTTP/1.1" 200 -
::1 - - [23/Dec/2018:01:45:49 +0000] "GET /test?hiddenID=123 HTTP/1.1" 200 15
::1 - - [23/Dec/2018:01:46:49 +0000] "GET / HTTP/1.1" 200 -
::1 - - [23/Dec/2018:01:46:52 +0000] "GET /test?hiddenID=123 HTTP/1.1" 304 -
::1 - - [23/Dec/2018:01:47:35 +0000] "GET /test?hiddenID= HTTP/1.1" 200 15
::1 - - [23/Dec/2018:01:47:52 +0000] "GET /test?hiddenID= HTTP/1.1" 304 -
::1 - - [23/Dec/2018:01:48:15 +0000] "GET / HTTP/1.1" 200 -
::1 - - [23/Dec/2018:01:48:18 +0000] "GET /test?hiddenID=123 HTTP/1.1" 200 18
::1 - - [23/Dec/2018:01:48:57 +0000] "GET / HTTP/1.1" 200 -
::1 - - [23/Dec/2018:01:49:02 +0000] "GET /test?hiddenID=123 HTTP/1.1" 304 -
::1 - - [23/Dec/2018:01:52:35 +0000] "GET / HTTP/1.1" 200 -
::1 - - [23/Dec/2018:01:53:11 +0000] "GET /newGame? HTTP/1.1" - -
::1 - - [23/Dec/2018:01:53:11 +0000] "GET / HTTP/1.1" 200 -
::1 - - [23/Dec/2018:01:53:20 +0000] "GET /newGame? HTTP/1.1" - -
::1 - - [23/Dec/2018:01:53:20 +0000] "GET / HTTP/1.1" 200 -
::1 - - [23/Dec/2018:01:53:53 +0000] "GET / HTTP/1.1" 200 -
::1 - - [23/Dec/2018:01:53:55 +0000] "GET / HTTP/1.1" 200 -
::1 - - [23/Dec/2018:01:53:55 +0000] "GET / HTTP/1.1" 200 -
::1 - - [23/Dec/2018:01:53:55 +0000] "GET / HTTP/1.1" 200 -
::1 - - [23/Dec/2018:01:53:56 +0000] "GET / HTTP/1.1" 200 -
::1 - - [23/Dec/2018:01:53:56 +0000] "GET / HTTP/1.1" 200 -
::1 - - [23/Dec/2018:01:53:56 +0000] "GET / HTTP/1.1" 200 -
::1 - - [23/Dec/2018:01:54:07 +0000] "GET /newGame? HTTP/1.1" - -
::1 - - [23/Dec/2018:01:54:07 +0000] "GET /newGame? HTTP/1.1" - -
::1 - - [23/Dec/2018:01:54:07 +0000] "GET /newGame? HTTP/1.1" - -
::1 - - [23/Dec/2018:01:54:07 +0000] "GET /newGame? HTTP/1.1" - -
::1 - - [23/Dec/2018:01:54:08 +0000] "GET /newGame? HTTP/1.1" - -
::1 - - [23/Dec/2018:01:54:08 +0000] "GET /newGame? HTTP/1.1" - -
::1 - - [23/Dec/2018:01:54:08 +0000] "GET /newGame? HTTP/1.1" - -
::1 - - [23/Dec/2018:01:54:08 +0000] "GET /newGame? HTTP/1.1" - -
::1 - - [23/Dec/2018:01:54:08 +0000] "GET /newGame? HTTP/1.1" - -
::1 - - [23/Dec/2018:01:54:09 +0000] "GET /newGame? HTTP/1.1" - -
::1 - - [23/Dec/2018:01:54:09 +0000] "GET /newGame? HTTP/1.1" - -
::1 - - [23/Dec/2018:01:54:09 +0000] "GET /test?hiddenID=5 HTTP/1.1" 200 16
::1 - - [23/Dec/2018:01:54:12 +0000] "GET /test?hiddenID= HTTP/1.1" 304 -
::1 - - [23/Dec/2018:01:54:15 +0000] "GET /test?hiddenID= HTTP/1.1" 304 -
::1 - - [23/Dec/2018:01:54:17 +0000] "GET /test?hiddenID= HTTP/1.1" 304 -
::1 - - [23/Dec/2018:01:54:21 +0000] "GET /test?hiddenID= HTTP/1.1" 304 -
::1 - - [23/Dec/2018:01:54:50 +0000] "GET / HTTP/1.1" 200 -
::ffff:127.0.0.1 - - [23/Dec/2018:01:58:58 +0000] "GET / HTTP/1.1" 200 -
::ffff:127.0.0.1 - - [23/Dec/2018:01:59:32 +0000] "GET / HTTP/1.1" 200 -
::ffff:127.0.0.1 - - [23/Dec/2018:01:59:33 +0000] "GET / HTTP/1.1" 200 -
::ffff:127.0.0.1 - - [23/Dec/2018:01:59:38 +0000] "GET / HTTP/1.1" 200 -
::ffff:127.0.0.1 - - [23/Dec/2018:02:00:32 +0000] "GET / HTTP/1.1" 200 -
::ffff:127.0.0.1 - - [23/Dec/2018:02:03:42 +0000] "GET / HTTP/1.1" 200 -
::ffff:127.0.0.1 - - [23/Dec/2018:02:05:57 +0000] "GET / HTTP/1.1" 200 -
::ffff:127.0.0.1 - - [23/Dec/2018:02:05:58 +0000] "GET / HTTP/1.1" 200 -
::1 - - [23/Dec/2018:02:06:32 +0000] "GET / HTTP/1.1" 200 -
::1 - - [23/Dec/2018:02:07:31 +0000] "GET /newGame? HTTP/1.1" - -
::1 - - [23/Dec/2018:02:07:32 +0000] "GET / HTTP/1.1" 200 -
::1 - - [23/Dec/2018:02:09:01 +0000] "GET /newGame? HTTP/1.1" - -
::1 - - [23/Dec/2018:02:09:02 +0000] "GET /newGame? HTTP/1.1" - -
::1 - - [23/Dec/2018:02:09:16 +0000] "GET /newGame? HTTP/1.1" - -
::1 - - [23/Dec/2018:02:09:16 +0000] "GET / HTTP/1.1" 200 -
::1 - - [23/Dec/2018:02:14:58 +0000] "GET / HTTP/1.1" 200 -
::1 - - [23/Dec/2018:02:15:00 +0000] "GET / HTTP/1.1" 200 -
::1 - - [23/Dec/2018:02:15:03 +0000] "GET / HTTP/1.1" 200 -
::1 - - [23/Dec/2018:02:15:30 +0000] "GET /newGame? HTTP/1.1" - -
::1 - - [23/Dec/2018:02:15:30 +0000] "GET / HTTP/1.1" 200 -
::1 - - [23/Dec/2018:02:16:05 +0000] "GET /newGame?newGameId= HTTP/1.1" - -
::1 - - [23/Dec/2018:02:16:07 +0000] "GET /newGame?newGameId= HTTP/1.1" - -
::1 - - [23/Dec/2018:02:16:09 +0000] "GET /newGame?newGameId= HTTP/1.1" - -
::1 - - [23/Dec/2018:02:16:11 +0000] "GET / HTTP/1.1" 200 -
::1 - - [23/Dec/2018:02:16:11 +0000] "GET / HTTP/1.1" 200 -
::1 - - [23/Dec/2018:02:16:12 +0000] "GET / HTTP/1.1" 200 -
::1 - - [23/Dec/2018:02:16:12 +0000] "GET / HTTP/1.1" 200 -
::1 - - [23/Dec/2018:02:16:12 +0000] "GET / HTTP/1.1" 200 -
::1 - - [23/Dec/2018:02:16:13 +0000] "GET / HTTP/1.1" 200 -
::1 - - [23/Dec/2018:02:16:13 +0000] "GET / HTTP/1.1" 200 -
::1 - - [23/Dec/2018:02:16:13 +0000] "GET / HTTP/1.1" 200 -
::1 - - [23/Dec/2018:02:16:13 +0000] "GET / HTTP/1.1" 200 -
::1 - - [23/Dec/2018:02:16:13 +0000] "GET / HTTP/1.1" 200 -
::1 - - [23/Dec/2018:02:16:14 +0000] "GET / HTTP/1.1" 200 -
::1 - - [23/Dec/2018:02:16:14 +0000] "GET / HTTP/1.1" 200 -
::1 - - [23/Dec/2018:02:19:26 +0000] "GET / HTTP/1.1" 200 -
::1 - - [23/Dec/2018:02:19:26 +0000] "GET /favicon.ico HTTP/1.1" 404 41
::1 - - [23/Dec/2018:02:19:29 +0000] "GET /test?hidden=5 HTTP/1.1" 200 24
::1 - - [23/Dec/2018:02:19:58 +0000] "GET /test?hidden= HTTP/1.1" 200 24
::1 - - [23/Dec/2018:02:20:32 +0000] "GET /test?hidden= HTTP/1.1" 304 -
::1 - - [23/Dec/2018:02:20:57 +0000] "GET / HTTP/1.1" 200 -
::1 - - [23/Dec/2018:02:21:06 +0000] "GET /test?hiddenID=5 HTTP/1.1" 304 -
::1 - - [23/Dec/2018:02:21:47 +0000] "GET / HTTP/1.1" 200 -
::1 - - [23/Dec/2018:02:21:51 +0000] "GET /test?hiddenID=5 HTTP/1.1" 304 -
::1 - - [23/Dec/2018:02:22:00 +0000] "GET /newGame?newGameId= HTTP/1.1" - -
::1 - - [23/Dec/2018:02:22:00 +0000] "GET / HTTP/1.1" 200 -
::1 - - [23/Dec/2018:02:22:24 +0000] "GET / HTTP/1.1" 200 -
::1 - - [23/Dec/2018:02:22:33 +0000] "GET /newGame?newGameId=5 HTTP/1.1" - -
::1 - - [23/Dec/2018:02:23:22 +0000] "GET /newGame?newGameId= HTTP/1.1" - -
::1 - - [23/Dec/2018:02:23:23 +0000] "GET /newGame? HTTP/1.1" - -
::1 - - [23/Dec/2018:02:23:23 +0000] "GET / HTTP/1.1" 200 -
::1 - - [23/Dec/2018:02:23:25 +0000] "GET / HTTP/1.1" 200 -
::1 - - [23/Dec/2018:02:23:37 +0000] "GET /newGame?newGameId=5 HTTP/1.1" - -
::1 - - [23/Dec/2018:02:23:37 +0000] "GET / HTTP/1.1" 200 -
::1 - - [23/Dec/2018:02:24:03 +0000] "GET / HTTP/1.1" 200 -
::1 - - [23/Dec/2018:02:25:21 +0000] "GET / HTTP/1.1" 200 -
::1 - - [23/Dec/2018:02:27:23 +0000] "GET /newGame?newGameId=5 HTTP/1.1" 500 71
::1 - - [23/Dec/2018:02:27:38 +0000] "GET / HTTP/1.1" 200 -
::1 - - [23/Dec/2018:02:27:40 +0000] "GET /newGame?newGameId=5 HTTP/1.1" 500 71
::1 - - [23/Dec/2018:02:28:44 +0000] "GET / HTTP/1.1" 200 -
::1 - - [23/Dec/2018:02:28:47 +0000] "GET /newGame?newGameId=5 HTTP/1.1" 500 71
::1 - - [23/Dec/2018:02:29:43 +0000] "GET / HTTP/1.1" 200 -
::1 - - [23/Dec/2018:02:29:45 +0000] "GET /newGame?newGameId=5 HTTP/1.1" 200 7
::1 - - [23/Dec/2018:02:35:27 +0000] "GET /newGame?newGameId= HTTP/1.1" 500 -
::1 - - [23/Dec/2018:02:35:27 +0000] "GET /newGame?newGameId= HTTP/1.1" 500 -
::1 - - [23/Dec/2018:02:35:27 +0000] "GET /newGame?newGameId= HTTP/1.1" 500 -
::1 - - [23/Dec/2018:02:35:27 +0000] "GET /newGame?newGameId= HTTP/1.1" 500 -
::1 - - [23/Dec/2018:02:35:46 +0000] "GET / HTTP/1.1" 200 -
::1 - - [23/Dec/2018:02:35:49 +0000] "GET /newGame?newGameId=5 HTTP/1.1" 500 -
::1 - - [23/Dec/2018:02:35:49 +0000] "GET /newGame?newGameId=5 HTTP/1.1" 500 -
::1 - - [23/Dec/2018:02:35:49 +0000] "GET /newGame?newGameId=5 HTTP/1.1" 500 -
::1 - - [23/Dec/2018:02:35:49 +0000] "GET /newGame?newGameId=5 HTTP/1.1" 500 -
::1 - - [23/Dec/2018:02:35:54 +0000] "GET /newGame?newGameId=5 HTTP/1.1" 500 -
::1 - - [23/Dec/2018:02:35:54 +0000] "GET /newGame?newGameId=5 HTTP/1.1" 500 -
::1 - - [23/Dec/2018:02:35:54 +0000] "GET /newGame?newGameId=5 HTTP/1.1" 500 -
::1 - - [23/Dec/2018:02:35:54 +0000] "GET /newGame?newGameId=5 HTTP/1.1" 500 -
::1 - - [23/Dec/2018:02:36:24 +0000] "GET /newGame?newGameId=5 HTTP/1.1" 500 -
::1 - - [23/Dec/2018:02:36:24 +0000] "GET /newGame?newGameId=5 HTTP/1.1" 500 -
::1 - - [23/Dec/2018:02:36:24 +0000] "GET /newGame?newGameId=5 HTTP/1.1" 500 -
::1 - - [23/Dec/2018:02:37:24 +0000] "GET /newGame?newGameId=5 HTTP/1.1" 500 -
::1 - - [23/Dec/2018:02:37:24 +0000] "GET /newGame?newGameId=5 HTTP/1.1" 500 -
::1 - - [23/Dec/2018:02:37:24 +0000] "GET /newGame?newGameId=5 HTTP/1.1" 500 -
::1 - - [23/Dec/2018:02:37:41 +0000] "GET /newGame?newGameId= HTTP/1.1" 500 -
::1 - - [23/Dec/2018:02:37:41 +0000] "GET /newGame?newGameId= HTTP/1.1" 500 -
::1 - - [23/Dec/2018:02:37:41 +0000] "GET /newGame?newGameId= HTTP/1.1" 500 -
::1 - - [23/Dec/2018:02:37:41 +0000] "GET /newGame?newGameId= HTTP/1.1" 500 -
::1 - - [23/Dec/2018:02:37:41 +0000] "GET /newGame?newGameId= HTTP/1.1" 500 -
::1 - - [23/Dec/2018:02:37:41 +0000] "GET /newGame?newGameId= HTTP/1.1" 500 -
::1 - - [23/Dec/2018:02:37:46 +0000] "GET /newGame?newGameId= HTTP/1.1" 500 -
::1 - - [23/Dec/2018:02:37:46 +0000] "GET /newGame?newGameId= HTTP/1.1" 500 -
::1 - - [23/Dec/2018:02:37:46 +0000] "GET /newGame?newGameId= HTTP/1.1" 500 -
::1 - - [23/Dec/2018:02:38:16 +0000] "GET /newGame?newGameId= HTTP/1.1" 500 -
::1 - - [23/Dec/2018:02:38:16 +0000] "GET /newGame?newGameId= HTTP/1.1" 500 -
::1 - - [23/Dec/2018:02:38:16 +0000] "GET /newGame?newGameId= HTTP/1.1" 500 -
::1 - - [23/Dec/2018:02:38:47 +0000] "GET / HTTP/1.1" 200 -
::1 - - [23/Dec/2018:02:38:53 +0000] "GET /newGame?newGameId=5 HTTP/1.1" 500 -
::1 - - [23/Dec/2018:02:38:53 +0000] "GET /newGame?newGameId=5 HTTP/1.1" 500 -
::1 - - [23/Dec/2018:02:38:53 +0000] "GET /newGame?newGameId=5 HTTP/1.1" 500 -
::1 - - [23/Dec/2018:02:38:53 +0000] "GET /newGame?newGameId=5 HTTP/1.1" 500 -
::1 - - [23/Dec/2018:02:38:58 +0000] "GET /newGame?newGameId=5 HTTP/1.1" 500 -
::1 - - [23/Dec/2018:02:38:58 +0000] "GET /newGame?newGameId=5 HTTP/1.1" 500 -
::1 - - [23/Dec/2018:02:38:58 +0000] "GET /newGame?newGameId=5 HTTP/1.1" 500 -
::1 - - [23/Dec/2018:02:39:28 +0000] "GET /newGame?newGameId=5 HTTP/1.1" 500 -
::1 - - [23/Dec/2018:02:39:46 +0000] "GET / HTTP/1.1" 200 -
::1 - - [23/Dec/2018:02:39:49 +0000] "GET /newGame?newGameId=5 HTTP/1.1" 500 -
::1 - - [23/Dec/2018:02:39:49 +0000] "GET /newGame?newGameId=5 HTTP/1.1" 500 -
::1 - - [23/Dec/2018:02:39:49 +0000] "GET /newGame?newGameId=5 HTTP/1.1" 500 -
::1 - - [23/Dec/2018:02:39:49 +0000] "GET /newGame?newGameId=5 HTTP/1.1" 500 -
::1 - - [23/Dec/2018:02:39:49 +0000] "GET /newGame?newGameId=5 HTTP/1.1" 500 -
::1 - - [23/Dec/2018:02:39:49 +0000] "GET /newGame?newGameId=5 HTTP/1.1" 500 -
::1 - - [23/Dec/2018:02:39:54 +0000] "GET /newGame?newGameId=5 HTTP/1.1" 500 -
::1 - - [23/Dec/2018:02:39:54 +0000] "GET /newGame?newGameId=5 HTTP/1.1" 500 -
::1 - - [23/Dec/2018:02:39:54 +0000] "GET /newGame?newGameId=5 HTTP/1.1" 500 -
::1 - - [23/Dec/2018:02:40:14 +0000] "GET / HTTP/1.1" 200 -
::1 - - [23/Dec/2018:02:40:16 +0000] "GET /newGame?newGameId=5 HTTP/1.1" 200 -
::1 - - [23/Dec/2018:02:40:16 +0000] "GET /newGame?newGameId=5 HTTP/1.1" 200 -
::1 - - [23/Dec/2018:02:40:16 +0000] "GET /newGame?newGameId=5 HTTP/1.1" 200 -
::1 - - [23/Dec/2018:02:40:16 +0000] "GET /newGame?newGameId=5 HTTP/1.1" 200 -
::1 - - [23/Dec/2018:02:40:21 +0000] "GET /newGame?newGameId=5 HTTP/1.1" 200 -
::1 - - [23/Dec/2018:02:40:21 +0000] "GET /newGame?newGameId=5 HTTP/1.1" 200 -
::1 - - [23/Dec/2018:02:40:21 +0000] "GET /newGame?newGameId=5 HTTP/1.1" 200 -
::1 - - [23/Dec/2018:02:40:51 +0000] "GET /newGame?newGameId=5 HTTP/1.1" 200 -
::1 - - [23/Dec/2018:02:40:51 +0000] "GET /newGame?newGameId=5 HTTP/1.1" 200 -
::1 - - [23/Dec/2018:02:40:51 +0000] "GET /newGame?newGameId=5 HTTP/1.1" 200 -
::1 - - [23/Dec/2018:02:41:31 +0000] "GET / HTTP/1.1" 200 -
::1 - - [23/Dec/2018:02:41:31 +0000] "GET / HTTP/1.1" 200 -
::1 - - [23/Dec/2018:02:41:32 +0000] "GET / HTTP/1.1" 200 -
::1 - - [23/Dec/2018:02:41:32 +0000] "GET / HTTP/1.1" 200 -
::1 - - [23/Dec/2018:02:41:32 +0000] "GET / HTTP/1.1" 200 -
::1 - - [23/Dec/2018:02:41:32 +0000] "GET / HTTP/1.1" 200 -
::1 - - [23/Dec/2018:02:41:57 +0000] "GET / HTTP/1.1" 200 -
::1 - - [23/Dec/2018:02:41:57 +0000] "GET /favicon.ico HTTP/1.1" 404 150
::1 - - [23/Dec/2018:02:41:59 +0000] "GET / HTTP/1.1" 200 -
::1 - - [23/Dec/2018:02:42:06 +0000] "GET /newGame?newGameId=5 HTTP/1.1" - -
::1 - - [23/Dec/2018:02:42:06 +0000] "GET / HTTP/1.1" 200 -
::1 - - [23/Dec/2018:02:42:06 +0000] "GET / HTTP/1.1" 200 -
::1 - - [23/Dec/2018:02:42:06 +0000] "GET / HTTP/1.1" 200 -
::1 - - [23/Dec/2018:02:42:07 +0000] "GET / HTTP/1.1" 200 -
::1 - - [23/Dec/2018:02:42:07 +0000] "GET / HTTP/1.1" 200 -
::1 - - [23/Dec/2018:02:42:07 +0000] "GET / HTTP/1.1" 200 -
::1 - - [23/Dec/2018:02:42:23 +0000] "GET / HTTP/1.1" 200 -
::1 - - [23/Dec/2018:02:42:33 +0000] "GET / HTTP/1.1" 200 -
::1 - - [23/Dec/2018:02:42:34 +0000] "GET / HTTP/1.1" 200 -
::1 - - [23/Dec/2018:02:42:36 +0000] "GET / HTTP/1.1" 200 -
::1 - - [23/Dec/2018:02:42:47 +0000] "GET /newGame?newGameId=5 HTTP/1.1" - -
::1 - - [23/Dec/2018:02:42:47 +0000] "GET / HTTP/1.1" 200 -
::1 - - [23/Dec/2018:02:43:03 +0000] "GET /newGame?newGameId=5 HTTP/1.1" - -
::1 - - [23/Dec/2018:02:43:03 +0000] "GET / HTTP/1.1" 200 -
::1 - - [23/Dec/2018:02:52:15 +0000] "GET / HTTP/1.1" 200 -
::1 - - [23/Dec/2018:02:53:05 +0000] "GET / HTTP/1.1" 200 -
::1 - - [23/Dec/2018:02:53:07 +0000] "GET /test?hiddenID=5 HTTP/1.1" 304 -
::1 - - [23/Dec/2018:02:53:10 +0000] "GET / HTTP/1.1" 200 -
::1 - - [23/Dec/2018:02:55:14 +0000] "GET / HTTP/1.1" 200 -
::1 - - [23/Dec/2018:02:55:25 +0000] "GET /newGame?newGameId=5 HTTP/1.1" - -
::1 - - [23/Dec/2018:02:55:25 +0000] "GET / HTTP/1.1" 200 -
::1 - - [23/Dec/2018:02:55:40 +0000] "GET / HTTP/1.1" 200 -
::1 - - [23/Dec/2018:02:55:45 +0000] "GET /newGame?newGameId=5 HTTP/1.1" - -
::1 - - [23/Dec/2018:02:56:31 +0000] "GET /newGame?newGameId= HTTP/1.1" - -
::1 - - [23/Dec/2018:02:56:50 +0000] "GET / HTTP/1.1" 200 -
::1 - - [23/Dec/2018:02:56:54 +0000] "GET / HTTP/1.1" 200 -
::1 - - [23/Dec/2018:02:56:55 +0000] "GET / HTTP/1.1" 200 -
::1 - - [23/Dec/2018:02:56:55 +0000] "GET / HTTP/1.1" 200 -
::1 - - [23/Dec/2018:02:57:10 +0000] "GET / HTTP/1.1" 200 -
::1 - - [23/Dec/2018:02:57:57 +0000] "GET / HTTP/1.1" 200 -
::1 - - [23/Dec/2018:02:57:57 +0000] "GET / HTTP/1.1" 200 -
::1 - - [23/Dec/2018:02:57:58 +0000] "GET / HTTP/1.1" 200 -
::1 - - [23/Dec/2018:02:59:35 +0000] "GET / HTTP/1.1" 200 -
::1 - - [23/Dec/2018:02:59:37 +0000] "GET / HTTP/1.1" 200 -
::1 - - [23/Dec/2018:03:00:02 +0000] "GET / HTTP/1.1" 200 -
::1 - - [23/Dec/2018:03:00:04 +0000] "GET / HTTP/1.1" 200 -
::1 - - [23/Dec/2018:03:02:06 +0000] "GET /newGame?newGameId=5 HTTP/1.1" - -
::1 - - [23/Dec/2018:03:06:02 +0000] "GET / HTTP/1.1" 200 -
::1 - - [23/Dec/2018:11:11:10 +0000] "GET / HTTP/1.1" 200 -
::1 - - [23/Dec/2018:11:11:11 +0000] "GET /favicon.ico HTTP/1.1" 404 150
::1 - - [23/Dec/2018:11:11:33 +0000] "GET /newGame?newGameId=5 HTTP/1.1" - -
::1 - - [23/Dec/2018:11:11:33 +0000] "GET / HTTP/1.1" 200 -
::1 - - [23/Dec/2018:11:11:34 +0000] "GET /test?hiddenID= HTTP/1.1" 304 -
::1 - - [23/Dec/2018:11:11:42 +0000] "GET /test?hiddenID=5 HTTP/1.1" 304 -
::1 - - [23/Dec/2018:11:11:55 +0000] "GET / HTTP/1.1" 200 -
::1 - - [23/Dec/2018:11:12:12 +0000] "GET / HTTP/1.1" 200 -
::1 - - [23/Dec/2018:11:12:14 +0000] "GET /newGame?newGameId=5 HTTP/1.1" 500 1179
::1 - - [23/Dec/2018:11:12:33 +0000] "GET / HTTP/1.1" 200 -
::1 - - [23/Dec/2018:11:12:50 +0000] "GET / HTTP/1.1" 200 -
::1 - - [23/Dec/2018:11:13:52 +0000] "GET / HTTP/1.1" 200 -
::1 - - [23/Dec/2018:11:13:55 +0000] "GET /newGame?newGameId=5 HTTP/1.1" 200 4
::1 - - [23/Dec/2018:11:14:27 +0000] "GET / HTTP/1.1" 200 -
::1 - - [23/Dec/2018:11:16:29 +0000] "GET /newGame?newGameId=5 HTTP/1.1" - -
::1 - - [23/Dec/2018:11:18:29 +0000] "GET /newGame?newGameId=5 HTTP/1.1" - -
::1 - - [23/Dec/2018:11:20:49 +0000] "GET /newGame?newGameId=5 HTTP/1.1" - -
::1 - - [23/Dec/2018:11:21:25 +0000] "GET /newGame?newGameId= HTTP/1.1" - -
::1 - - [23/Dec/2018:11:22:12 +0000] "GET / HTTP/1.1" 200 -
::1 - - [23/Dec/2018:11:22:21 +0000] "GET /newGame?newGameId=5 HTTP/1.1" - -
::1 - - [23/Dec/2018:12:41:00 +0000] "GET / HTTP/1.1" 200 -
::1 - - [23/Dec/2018:12:42:17 +0000] "GET / HTTP/1.1" 200 -
::1 - - [23/Dec/2018:12:42:22 +0000] "GET /? HTTP/1.1" 200 -
::1 - - [23/Dec/2018:12:42:22 +0000] "GET /newGame?newGameId=5 HTTP/1.1" 200 -
::1 - - [23/Dec/2018:12:42:27 +0000] "GET /? HTTP/1.1" 200 -
::1 - - [23/Dec/2018:12:42:27 +0000] "GET /newGame?newGameId= HTTP/1.1" 200 -
::1 - - [23/Dec/2018:12:44:15 +0000] "GET /newGame?newGameId= HTTP/1.1" 400 -
::1 - - [23/Dec/2018:12:44:15 +0000] "GET /? HTTP/1.1" 200 -
::1 - - [23/Dec/2018:12:44:34 +0000] "GET /newGame?newGameId= HTTP/1.1" 200 81
::1 - - [23/Dec/2018:12:45:31 +0000] "GET /? HTTP/1.1" 200 -
::1 - - [23/Dec/2018:12:45:35 +0000] "GET /newGame?newGameId=5 HTTP/1.1" 500 337
::1 - - [23/Dec/2018:12:46:34 +0000] "GET /newGame?newGameId= HTTP/1.1" 500 98
::1 - - [23/Dec/2018:12:46:53 +0000] "GET /newGame?newGameId= HTTP/1.1" 500 98
::1 - - [23/Dec/2018:12:47:43 +0000] "GET /? HTTP/1.1" 200 -
::1 - - [23/Dec/2018:12:47:43 +0000] "GET /newGame?newGameId= HTTP/1.1" 200 -
::1 - - [23/Dec/2018:12:47:51 +0000] "GET /newGame?newGameId= HTTP/1.1" 500 98
::1 - - [23/Dec/2018:12:48:17 +0000] "GET /newGame?newGameId= HTTP/1.1" 500 98
::1 - - [23/Dec/2018:12:48:18 +0000] "GET /newGame?newGameId= HTTP/1.1" 500 98
::1 - - [23/Dec/2018:12:48:18 +0000] "GET /newGame?newGameId= HTTP/1.1" 500 98
::1 - - [23/Dec/2018:12:48:19 +0000] "GET /newGame?newGameId= HTTP/1.1" 500 98
::1 - - [23/Dec/2018:12:48:20 +0000] "GET /newGame?newGameId= HTTP/1.1" 500 98
::1 - - [23/Dec/2018:12:48:20 +0000] "GET /newGame?newGameId= HTTP/1.1" 500 98
::1 - - [23/Dec/2018:12:48:21 +0000] "GET /newGame?newGameId= HTTP/1.1" 500 98
::1 - - [23/Dec/2018:12:48:21 +0000] "GET /newGame?newGameId= HTTP/1.1" 500 98
::1 - - [23/Dec/2018:12:48:22 +0000] "GET /newGame?newGameId= HTTP/1.1" 500 98
::1 - - [23/Dec/2018:12:48:23 +0000] "GET /newGame?newGameId= HTTP/1.1" 200 -
::1 - - [23/Dec/2018:12:48:28 +0000] "GET /newGame?newGameId= HTTP/1.1" 200 -
::1 - - [23/Dec/2018:12:48:32 +0000] "GET /? HTTP/1.1" 200 -
::1 - - [23/Dec/2018:12:48:32 +0000] "GET /newGame?newGameId=5 HTTP/1.1" 200 -
::1 - - [23/Dec/2018:16:05:28 +0000] "GET / HTTP/1.1" 200 -
::1 - - [23/Dec/2018:16:05:28 +0000] "GET /css/indextStyle.css HTTP/1.1" 404 41
::1 - - [23/Dec/2018:16:06:43 +0000] "GET / HTTP/1.1" 200 -
::1 - - [23/Dec/2018:16:06:43 +0000] "GET /indextStyle.css HTTP/1.1" 404 41
::1 - - [23/Dec/2018:16:07:00 +0000] "GET / HTTP/1.1" 200 -
::1 - - [23/Dec/2018:16:07:00 +0000] "GET /indextStyle.css HTTP/1.1" 404 41
::1 - - [23/Dec/2018:16:07:01 +0000] "GET / HTTP/1.1" 200 -
::1 - - [23/Dec/2018:16:07:01 +0000] "GET /indextStyle.css HTTP/1.1" 404 41
::1 - - [23/Dec/2018:16:07:01 +0000] "GET /indextStyle.css HTTP/1.1" 404 41
::1 - - [23/Dec/2018:16:08:07 +0000] "GET /indextStyle.css HTTP/1.1" 404 41
::1 - - [23/Dec/2018:16:08:07 +0000] "GET / HTTP/1.1" 200 -
::1 - - [23/Dec/2018:16:08:07 +0000] "GET /indextStyle.css HTTP/1.1" 404 41
::1 - - [23/Dec/2018:16:08:32 +0000] "GET /indextStyle.css HTTP/1.1" 404 41
::1 - - [23/Dec/2018:16:08:32 +0000] "GET / HTTP/1.1" 200 -
::1 - - [23/Dec/2018:16:08:32 +0000] "GET /indexStyle.css HTTP/1.1" 404 41
::1 - - [23/Dec/2018:16:08:35 +0000] "GET / HTTP/1.1" 200 -
::1 - - [23/Dec/2018:16:08:35 +0000] "GET /indexStyle.css HTTP/1.1" 404 41
::1 - - [23/Dec/2018:16:09:15 +0000] "GET /indexStyle.css HTTP/1.1" 404 41
::1 - - [23/Dec/2018:16:09:15 +0000] "GET / HTTP/1.1" 200 -
::1 - - [23/Dec/2018:16:09:15 +0000] "GET /indexStyle.css HTTP/1.1" 404 41
::1 - - [23/Dec/2018:16:10:15 +0000] "GET /indexStyle.css HTTP/1.1" 404 41
::1 - - [23/Dec/2018:16:10:15 +0000] "GET / HTTP/1.1" 200 -
::1 - - [23/Dec/2018:16:10:15 +0000] "GET /indexStyle.css HTTP/1.1" 404 41
::1 - - [23/Dec/2018:16:12:44 +0000] "GET /indexStyle.css HTTP/1.1" 404 41
::1 - - [23/Dec/2018:16:12:44 +0000] "GET / HTTP/1.1" 200 -
::1 - - [23/Dec/2018:16:13:49 +0000] "GET /indexStyle.css HTTP/1.1" 404 41
::1 - - [23/Dec/2018:16:13:49 +0000] "GET / HTTP/1.1" 200 -
::1 - - [23/Dec/2018:16:13:49 +0000] "GET /styles.css HTTP/1.1" 404 41
::1 - - [23/Dec/2018:16:18:13 +0000] "GET / HTTP/1.1" 200 -
::1 - - [23/Dec/2018:16:18:13 +0000] "GET /styles.css HTTP/1.1" 404 41
::1 - - [23/Dec/2018:16:18:15 +0000] "GET / HTTP/1.1" 200 -
::1 - - [23/Dec/2018:16:18:15 +0000] "GET /styles.css HTTP/1.1" 404 41
::1 - - [23/Dec/2018:16:18:15 +0000] "GET /styles.css HTTP/1.1" 404 41
::1 - - [23/Dec/2018:16:19:59 +0000] "GET /styles.css HTTP/1.1" 404 41
::1 - - [23/Dec/2018:16:19:59 +0000] "GET / HTTP/1.1" 200 -
::1 - - [23/Dec/2018:16:19:59 +0000] "GET /css/styles.css HTTP/1.1" 404 41
::1 - - [23/Dec/2018:16:22:13 +0000] "GET / HTTP/1.1" 200 -
::1 - - [23/Dec/2018:16:22:13 +0000] "GET /css/styles.css HTTP/1.1" 404 41
::1 - - [23/Dec/2018:16:24:46 +0000] "GET /css/styles.css HTTP/1.1" 404 41
::1 - - [23/Dec/2018:16:24:46 +0000] "GET / HTTP/1.1" 200 -
::1 - - [23/Dec/2018:16:24:46 +0000] "GET /css/styles.css HTTP/1.1" 404 41
::1 - - [23/Dec/2018:16:28:35 +0000] "GET / HTTP/1.1" 200 -
::1 - - [23/Dec/2018:16:28:35 +0000] "GET /css/styles.css HTTP/1.1" 200 176
::1 - - [23/Dec/2018:16:28:35 +0000] "GET /css/styles.css HTTP/1.1" 200 176
::1 - - [23/Dec/2018:16:31:30 +0000] "GET /css/styles.css HTTP/1.1" 304 -
::1 - - [23/Dec/2018:16:31:30 +0000] "GET / HTTP/1.1" 200 -
::1 - - [23/Dec/2018:16:31:30 +0000] "GET /css/styles.css HTTP/1.1" 200 176
::1 - - [23/Dec/2018:16:34:00 +0000] "GET / HTTP/1.1" 200 -
::1 - - [23/Dec/2018:16:34:00 +0000] "GET /css/styles.css HTTP/1.1" 304 -
::1 - - [23/Dec/2018:16:34:34 +0000] "GET /css/styles.css HTTP/1.1" 304 -
::1 - - [23/Dec/2018:16:34:34 +0000] "GET / HTTP/1.1" 200 -
::1 - - [23/Dec/2018:16:36:15 +0000] "GET /css/styles.css HTTP/1.1" 304 -
::1 - - [23/Dec/2018:16:36:15 +0000] "GET / HTTP/1.1" 200 -
::1 - - [23/Dec/2018:16:36:26 +0000] "GET /css/styles.css HTTP/1.1" 304 -
::1 - - [23/Dec/2018:16:36:26 +0000] "GET / HTTP/1.1" 200 -
::1 - - [23/Dec/2018:16:36:26 +0000] "GET /css/styles.css HTTP/1.1" 200 176
::1 - - [23/Dec/2018:16:36:27 +0000] "GET /css/styles.css HTTP/1.1" 304 -
::1 - - [23/Dec/2018:16:36:27 +0000] "GET / HTTP/1.1" 200 -
::1 - - [23/Dec/2018:16:36:27 +0000] "GET /css/styles.css HTTP/1.1" 200 176
::1 - - [23/Dec/2018:16:36:57 +0000] "GET /css/styles.css HTTP/1.1" 304 -
::1 - - [23/Dec/2018:16:36:57 +0000] "GET / HTTP/1.1" 200 -
::1 - - [23/Dec/2018:16:36:57 +0000] "GET /css/styles.css HTTP/1.1" 200 176
::1 - - [23/Dec/2018:16:37:59 +0000] "GET /css/styles.css HTTP/1.1" 304 -
::1 - - [23/Dec/2018:16:37:59 +0000] "GET / HTTP/1.1" 200 -
::1 - - [23/Dec/2018:16:39:10 +0000] "GET / HTTP/1.1" 200 -
::1 - - [23/Dec/2018:16:39:10 +0000] "GET /css/styles.css HTTP/1.1" 200 316
::1 - - [23/Dec/2018:16:39:10 +0000] "GET /css/styles.css HTTP/1.1" 200 316
::1 - - [23/Dec/2018:16:40:56 +0000] "GET / HTTP/1.1" 200 -
::1 - - [23/Dec/2018:16:40:56 +0000] "GET /css/styles.css HTTP/1.1" 200 314
::1 - - [23/Dec/2018:16:40:56 +0000] "GET /css/styles.css HTTP/1.1" 200 314
::1 - - [23/Dec/2018:16:41:17 +0000] "GET /css/styles.css HTTP/1.1" 200 314
::1 - - [23/Dec/2018:16:41:17 +0000] "GET / HTTP/1.1" 200 -
::1 - - [23/Dec/2018:16:41:17 +0000] "GET /css/styles.css HTTP/1.1" 200 314
::1 - - [23/Dec/2018:16:41:59 +0000] "GET / HTTP/1.1" 200 -
::1 - - [23/Dec/2018:16:41:59 +0000] "GET /css/styles.css HTTP/1.1" 200 314
::1 - - [23/Dec/2018:16:41:59 +0000] "GET /css/styles.css HTTP/1.1" 200 314
::1 - - [23/Dec/2018:16:42:11 +0000] "GET / HTTP/1.1" 200 -
::1 - - [23/Dec/2018:16:42:11 +0000] "GET /css/styles.css HTTP/1.1" 200 314
::1 - - [23/Dec/2018:16:42:11 +0000] "GET /css/styles.css HTTP/1.1" 200 314
::1 - - [23/Dec/2018:16:44:00 +0000] "GET / HTTP/1.1" 200 -
::1 - - [23/Dec/2018:16:44:00 +0000] "GET /css/styles.css HTTP/1.1" 200 314
::1 - - [23/Dec/2018:16:44:00 +0000] "GET /css/styles.css HTTP/1.1" 200 314
::1 - - [23/Dec/2018:16:44:15 +0000] "GET / HTTP/1.1" 200 -
::1 - - [23/Dec/2018:16:44:15 +0000] "GET /css/styles.css HTTP/1.1" 200 314
::1 - - [23/Dec/2018:16:44:15 +0000] "GET /css/styles.css HTTP/1.1" 200 314
::1 - - [23/Dec/2018:16:47:54 +0000] "GET / HTTP/1.1" 200 -
::1 - - [23/Dec/2018:16:47:54 +0000] "GET /css/styles.css HTTP/1.1" 200 337
::1 - - [23/Dec/2018:16:47:54 +0000] "GET /css/styles.css HTTP/1.1" 200 337
::1 - - [23/Dec/2018:16:50:31 +0000] "GET /css/styles.css HTTP/1.1" 200 393
::1 - - [23/Dec/2018:16:50:31 +0000] "GET / HTTP/1.1" 200 -
::1 - - [23/Dec/2018:16:50:31 +0000] "GET /css/styles.css HTTP/1.1" 200 393
::1 - - [23/Dec/2018:16:52:19 +0000] "GET /css/styles.css HTTP/1.1" 200 418
::1 - - [23/Dec/2018:16:52:19 +0000] "GET / HTTP/1.1" 200 -
::1 - - [23/Dec/2018:16:52:19 +0000] "GET /css/styles.css HTTP/1.1" 200 418
::1 - - [23/Dec/2018:16:52:32 +0000] "GET / HTTP/1.1" 200 -
::1 - - [23/Dec/2018:16:52:32 +0000] "GET /css/styles.css HTTP/1.1" 200 418
::1 - - [23/Dec/2018:16:52:32 +0000] "GET /css/styles.css HTTP/1.1" 200 418
::1 - - [23/Dec/2018:16:52:53 +0000] "GET /css/styles.css HTTP/1.1" 200 415
::1 - - [23/Dec/2018:16:52:53 +0000] "GET / HTTP/1.1" 200 -
::1 - - [23/Dec/2018:16:52:53 +0000] "GET /css/styles.css HTTP/1.1" 200 415
::1 - - [23/Dec/2018:16:53:03 +0000] "GET /css/styles.css HTTP/1.1" 200 415
::1 - - [23/Dec/2018:16:53:03 +0000] "GET / HTTP/1.1" 200 -
::1 - - [23/Dec/2018:16:53:03 +0000] "GET /css/styles.css HTTP/1.1" 200 415
::1 - - [23/Dec/2018:16:53:16 +0000] "GET / HTTP/1.1" 200 -
::1 - - [23/Dec/2018:16:53:16 +0000] "GET /css/styles.css HTTP/1.1" 200 410
::1 - - [23/Dec/2018:16:53:16 +0000] "GET /css/styles.css HTTP/1.1" 200 410
::1 - - [23/Dec/2018:16:53:32 +0000] "GET / HTTP/1.1" 200 -
::1 - - [23/Dec/2018:16:53:32 +0000] "GET /css/styles.css HTTP/1.1" 200 414
::1 - - [23/Dec/2018:16:53:32 +0000] "GET /css/styles.css HTTP/1.1" 200 414
::1 - - [23/Dec/2018:16:54:52 +0000] "GET / HTTP/1.1" 200 -
::1 - - [23/Dec/2018:16:54:52 +0000] "GET /css/styles.css HTTP/1.1" 200 413
::1 - - [23/Dec/2018:16:54:52 +0000] "GET /css/styles.css HTTP/1.1" 200 413
::1 - - [23/Dec/2018:16:55:40 +0000] "GET / HTTP/1.1" 200 -
::1 - - [23/Dec/2018:16:55:40 +0000] "GET /css/styles.css HTTP/1.1" 200 421
::1 - - [23/Dec/2018:16:55:40 +0000] "GET /css/styles.css HTTP/1.1" 200 421
::1 - - [23/Dec/2018:16:55:57 +0000] "GET / HTTP/1.1" 200 -
::1 - - [23/Dec/2018:16:55:57 +0000] "GET /css/styles.css HTTP/1.1" 200 413
::1 - - [23/Dec/2018:16:55:57 +0000] "GET /css/styles.css HTTP/1.1" 200 413
::1 - - [23/Dec/2018:16:57:39 +0000] "GET / HTTP/1.1" 200 -
::1 - - [23/Dec/2018:16:57:39 +0000] "GET /css/styles.css HTTP/1.1" 200 455
::1 - - [23/Dec/2018:16:57:39 +0000] "GET /css/styles.css HTTP/1.1" 200 455
::1 - - [23/Dec/2018:16:58:12 +0000] "GET / HTTP/1.1" 200 -
::1 - - [23/Dec/2018:16:58:12 +0000] "GET /css/styles.css HTTP/1.1" 200 457
::1 - - [23/Dec/2018:16:58:12 +0000] "GET /css/styles.css HTTP/1.1" 200 457
::1 - - [23/Dec/2018:17:03:59 +0000] "GET /css/styles.css HTTP/1.1" 200 458
::1 - - [23/Dec/2018:17:03:59 +0000] "GET / HTTP/1.1" 200 -
::1 - - [23/Dec/2018:17:03:59 +0000] "GET /css/styles.css HTTP/1.1" 200 458
::1 - - [23/Dec/2018:17:07:37 +0000] "GET /css/styles.css HTTP/1.1" 304 -
::1 - - [23/Dec/2018:17:07:37 +0000] "GET / HTTP/1.1" 200 -
::1 - - [23/Dec/2018:17:07:37 +0000] "GET /pictures/chess-header.jpg HTTP/1.1" 200 61877
::1 - - [23/Dec/2018:17:08:15 +0000] "GET /css/styles.css HTTP/1.1" 200 456
::1 - - [23/Dec/2018:17:08:15 +0000] "GET / HTTP/1.1" 200 -
::1 - - [23/Dec/2018:17:08:15 +0000] "GET /pictures/chess-header.jpg HTTP/1.1" 304 -
::1 - - [23/Dec/2018:17:10:37 +0000] "GET /css/styles.css HTTP/1.1" 304 -
::1 - - [23/Dec/2018:17:10:37 +0000] "GET / HTTP/1.1" 200 -
::1 - - [23/Dec/2018:17:10:37 +0000] "GET /css/styles.css HTTP/1.1" 200 456
::1 - - [23/Dec/2018:17:10:37 +0000] "GET /pictures/chess-header.jpg HTTP/1.1" 304 -
::1 - - [23/Dec/2018:17:11:09 +0000] "GET /css/styles.css HTTP/1.1" 200 482
::1 - - [23/Dec/2018:17:11:09 +0000] "GET / HTTP/1.1" 200 -
::1 - - [23/Dec/2018:17:11:09 +0000] "GET /css/styles.css HTTP/1.1" 200 482
::1 - - [23/Dec/2018:17:11:09 +0000] "GET /pictures/chess-header.jpg HTTP/1.1" 304 -
::1 - - [23/Dec/2018:17:11:37 +0000] "GET / HTTP/1.1" 200 -
::1 - - [23/Dec/2018:17:11:37 +0000] "GET /css/styles.css HTTP/1.1" 200 499
::1 - - [23/Dec/2018:17:11:37 +0000] "GET /css/styles.css HTTP/1.1" 200 499
::1 - - [23/Dec/2018:17:11:37 +0000] "GET /pictures/chess-header.jpg HTTP/1.1" 304 -
::1 - - [23/Dec/2018:17:11:52 +0000] "GET /css/styles.css HTTP/1.1" 200 482
::1 - - [23/Dec/2018:17:11:52 +0000] "GET / HTTP/1.1" 200 -
::1 - - [23/Dec/2018:17:11:52 +0000] "GET /pictures/chess-header.jpg HTTP/1.1" 304 -
::1 - - [23/Dec/2018:17:11:52 +0000] "GET /css/styles.css HTTP/1.1" 200 482
::1 - - [23/Dec/2018:17:12:14 +0000] "GET /css/styles.css HTTP/1.1" 200 500
::1 - - [23/Dec/2018:17:12:14 +0000] "GET / HTTP/1.1" 200 -
::1 - - [23/Dec/2018:17:12:14 +0000] "GET /css/styles.css HTTP/1.1" 200 500
::1 - - [23/Dec/2018:17:12:14 +0000] "GET /pictures/chess-header.jpg HTTP/1.1" 304 -
::1 - - [23/Dec/2018:17:12:36 +0000] "GET / HTTP/1.1" 200 -
::1 - - [23/Dec/2018:17:12:36 +0000] "GET /css/styles.css HTTP/1.1" 200 500
::1 - - [23/Dec/2018:17:12:36 +0000] "GET /css/styles.css HTTP/1.1" 200 500
::1 - - [23/Dec/2018:17:12:36 +0000] "GET /pictures/chess-header.jpg HTTP/1.1" 304 -
::1 - - [23/Dec/2018:17:12:58 +0000] "GET /css/styles.css HTTP/1.1" 200 500
::1 - - [23/Dec/2018:17:12:58 +0000] "GET / HTTP/1.1" 200 -
::1 - - [23/Dec/2018:17:12:58 +0000] "GET /css/styles.css HTTP/1.1" 200 500
::1 - - [23/Dec/2018:17:12:58 +0000] "GET /pictures/chess-header.jpg HTTP/1.1" 304 -
::1 - - [23/Dec/2018:17:13:28 +0000] "GET / HTTP/1.1" 200 -
::1 - - [23/Dec/2018:17:13:28 +0000] "GET /css/styles.css HTTP/1.1" 304 -
::1 - - [23/Dec/2018:17:13:28 +0000] "GET /css/styles.css HTTP/1.1" 200 500
::1 - - [23/Dec/2018:17:13:28 +0000] "GET /pictures/chess-header.jpg HTTP/1.1" 304 -
::1 - - [23/Dec/2018:17:13:39 +0000] "GET / HTTP/1.1" 200 -
::1 - - [23/Dec/2018:17:13:39 +0000] "GET /css/styles.css HTTP/1.1" 304 -
::1 - - [23/Dec/2018:17:13:39 +0000] "GET /css/styles.css HTTP/1.1" 200 500
::1 - - [23/Dec/2018:17:13:39 +0000] "GET /pictures/chess-header.jpg HTTP/1.1" 304 -
::1 - - [23/Dec/2018:17:14:11 +0000] "GET / HTTP/1.1" 200 -
::1 - - [23/Dec/2018:17:14:11 +0000] "GET /css/styles.css HTTP/1.1" 200 500
::1 - - [23/Dec/2018:17:14:11 +0000] "GET /css/styles.css HTTP/1.1" 200 500
::1 - - [23/Dec/2018:17:14:11 +0000] "GET /pictures/chess-header.jpg HTTP/1.1" 304 -
::1 - - [23/Dec/2018:17:14:13 +0000] "GET /css/styles.css HTTP/1.1" 304 -
::1 - - [23/Dec/2018:17:14:13 +0000] "GET / HTTP/1.1" 200 -
::1 - - [23/Dec/2018:17:14:13 +0000] "GET /css/styles.css HTTP/1.1" 200 500
::1 - - [23/Dec/2018:17:14:13 +0000] "GET /pictures/chess-header.jpg HTTP/1.1" 304 -
::1 - - [23/Dec/2018:17:16:30 +0000] "GET /css/styles.css HTTP/1.1" 200 502
::1 - - [23/Dec/2018:17:16:30 +0000] "GET / HTTP/1.1" 200 -
::1 - - [23/Dec/2018:17:16:30 +0000] "GET /css/styles.css HTTP/1.1" 200 502
::1 - - [23/Dec/2018:17:16:30 +0000] "GET /pictures/chess-header.jpg HTTP/1.1" 304 -
::1 - - [23/Dec/2018:17:16:53 +0000] "GET /css/styles.css HTTP/1.1" 200 502
::1 - - [23/Dec/2018:17:16:53 +0000] "GET / HTTP/1.1" 200 -
::1 - - [23/Dec/2018:17:16:53 +0000] "GET /css/styles.css HTTP/1.1" 200 502
::1 - - [23/Dec/2018:17:16:53 +0000] "GET /pictures/chess-header.jpg HTTP/1.1" 304 -
::1 - - [23/Dec/2018:17:22:54 +0000] "GET /css/styles.css HTTP/1.1" 200 517
::1 - - [23/Dec/2018:17:22:54 +0000] "GET / HTTP/1.1" 200 -
::1 - - [23/Dec/2018:17:22:54 +0000] "GET /css/styles.css HTTP/1.1" 200 517
::1 - - [23/Dec/2018:17:22:54 +0000] "GET /pictures/chess-header.jpg HTTP/1.1" 304 -
::1 - - [23/Dec/2018:17:23:31 +0000] "GET / HTTP/1.1" 200 -
::1 - - [23/Dec/2018:17:23:31 +0000] "GET /css/styles.css HTTP/1.1" 200 526
::1 - - [23/Dec/2018:17:23:31 +0000] "GET /css/styles.css HTTP/1.1" 200 526
::1 - - [23/Dec/2018:17:23:31 +0000] "GET /pictures/chess-header.jpg HTTP/1.1" 304 -
::1 - - [23/Dec/2018:17:23:46 +0000] "GET / HTTP/1.1" 200 -
::1 - - [23/Dec/2018:17:23:46 +0000] "GET /css/styles.css HTTP/1.1" 200 518
::1 - - [23/Dec/2018:17:23:46 +0000] "GET /css/styles.css HTTP/1.1" 200 518
::1 - - [23/Dec/2018:17:23:47 +0000] "GET /pictures/chess-header.jpg HTTP/1.1" 304 -
::1 - - [23/Dec/2018:17:23:56 +0000] "GET / HTTP/1.1" 200 -
::1 - - [23/Dec/2018:17:23:56 +0000] "GET /css/styles.css HTTP/1.1" 200 518
::1 - - [23/Dec/2018:17:23:56 +0000] "GET /css/styles.css HTTP/1.1" 200 518
::1 - - [23/Dec/2018:17:23:56 +0000] "GET /pictures/chess-header.jpg HTTP/1.1" 304 -
::1 - - [23/Dec/2018:17:24:06 +0000] "GET / HTTP/1.1" 200 -
::1 - - [23/Dec/2018:17:24:06 +0000] "GET /css/styles.css HTTP/1.1" 200 518
::1 - - [23/Dec/2018:17:24:06 +0000] "GET /css/styles.css HTTP/1.1" 200 518
::1 - - [23/Dec/2018:17:24:06 +0000] "GET /pictures/chess-header.jpg HTTP/1.1" 304 -
::1 - - [23/Dec/2018:17:25:15 +0000] "GET / HTTP/1.1" 200 -
::1 - - [23/Dec/2018:17:25:15 +0000] "GET /css/styles.css HTTP/1.1" 200 539
::1 - - [23/Dec/2018:17:25:15 +0000] "GET /css/styles.css HTTP/1.1" 200 539
::1 - - [23/Dec/2018:17:25:15 +0000] "GET /pictures/chess-header.jpg HTTP/1.1" 304 -
::1 - - [23/Dec/2018:17:25:17 +0000] "GET / HTTP/1.1" 200 -
::1 - - [23/Dec/2018:17:25:17 +0000] "GET /css/styles.css HTTP/1.1" 304 -
::1 - - [23/Dec/2018:17:25:17 +0000] "GET /css/styles.css HTTP/1.1" 200 539
::1 - - [23/Dec/2018:17:25:17 +0000] "GET /pictures/chess-header.jpg HTTP/1.1" 304 -
::1 - - [23/Dec/2018:17:25:23 +0000] "GET /css/styles.css HTTP/1.1" 200 539
::1 - - [23/Dec/2018:17:25:23 +0000] "GET / HTTP/1.1" 200 -
::1 - - [23/Dec/2018:17:25:23 +0000] "GET /css/styles.css HTTP/1.1" 200 539
::1 - - [23/Dec/2018:17:25:23 +0000] "GET /pictures/chess-header.jpg HTTP/1.1" 304 -
::1 - - [23/Dec/2018:17:26:18 +0000] "GET / HTTP/1.1" 200 -
::1 - - [23/Dec/2018:17:26:18 +0000] "GET /css/styles.css HTTP/1.1" 200 539
::1 - - [23/Dec/2018:17:26:18 +0000] "GET /css/styles.css HTTP/1.1" 200 539
::1 - - [23/Dec/2018:17:26:18 +0000] "GET /pictures/chess-header.jpg HTTP/1.1" 304 -
::1 - - [23/Dec/2018:17:26:47 +0000] "GET /css/styles.css HTTP/1.1" 200 539
::1 - - [23/Dec/2018:17:26:47 +0000] "GET / HTTP/1.1" 200 -
::1 - - [23/Dec/2018:17:26:47 +0000] "GET /css/styles.css HTTP/1.1" 200 539
::1 - - [23/Dec/2018:17:26:47 +0000] "GET /pictures/chess-header.jpg HTTP/1.1" 304 -
::1 - - [23/Dec/2018:17:26:48 +0000] "GET / HTTP/1.1" 200 -
::1 - - [23/Dec/2018:17:26:48 +0000] "GET /css/styles.css HTTP/1.1" 304 -
::1 - - [23/Dec/2018:17:26:48 +0000] "GET /css/styles.css HTTP/1.1" 200 539
::1 - - [23/Dec/2018:17:26:48 +0000] "GET /pictures/chess-header.jpg HTTP/1.1" 304 -
::1 - - [23/Dec/2018:17:26:58 +0000] "GET /css/styles.css HTTP/1.1" 200 539
::1 - - [23/Dec/2018:17:26:58 +0000] "GET / HTTP/1.1" 200 -
::1 - - [23/Dec/2018:17:26:58 +0000] "GET /css/styles.css HTTP/1.1" 200 539
::1 - - [23/Dec/2018:17:26:58 +0000] "GET /pictures/chess-header.jpg HTTP/1.1" 304 -
::1 - - [23/Dec/2018:17:27:06 +0000] "GET /css/styles.css HTTP/1.1" 200 539
::1 - - [23/Dec/2018:17:27:06 +0000] "GET / HTTP/1.1" 200 -
::1 - - [23/Dec/2018:17:27:06 +0000] "GET /css/styles.css HTTP/1.1" 200 539
::1 - - [23/Dec/2018:17:27:06 +0000] "GET /pictures/chess-header.jpg HTTP/1.1" 304 -
::1 - - [23/Dec/2018:17:27:13 +0000] "GET / HTTP/1.1" 200 -
::1 - - [23/Dec/2018:17:27:13 +0000] "GET /css/styles.css HTTP/1.1" 200 539
::1 - - [23/Dec/2018:17:27:13 +0000] "GET /css/styles.css HTTP/1.1" 200 539
::1 - - [23/Dec/2018:17:27:13 +0000] "GET /pictures/chess-header.jpg HTTP/1.1" 304 -
::1 - - [23/Dec/2018:17:27:21 +0000] "GET /css/styles.css HTTP/1.1" 200 539
::1 - - [23/Dec/2018:17:27:21 +0000] "GET / HTTP/1.1" 200 -
::1 - - [23/Dec/2018:17:27:21 +0000] "GET /css/styles.css HTTP/1.1" 200 539
::1 - - [23/Dec/2018:17:27:21 +0000] "GET /pictures/chess-header.jpg HTTP/1.1" 304 -
::1 - - [23/Dec/2018:17:27:31 +0000] "GET /css/styles.css HTTP/1.1" 200 518
::1 - - [23/Dec/2018:17:27:31 +0000] "GET / HTTP/1.1" 200 -
::1 - - [23/Dec/2018:17:27:31 +0000] "GET /css/styles.css HTTP/1.1" 200 518
::1 - - [23/Dec/2018:17:27:31 +0000] "GET /pictures/chess-header.jpg HTTP/1.1" 304 -
::1 - - [23/Dec/2018:17:28:00 +0000] "GET /css/styles.css HTTP/1.1" 200 539
::1 - - [23/Dec/2018:17:28:00 +0000] "GET / HTTP/1.1" 200 -
::1 - - [23/Dec/2018:17:28:00 +0000] "GET /css/styles.css HTTP/1.1" 200 539
::1 - - [23/Dec/2018:17:28:00 +0000] "GET /pictures/chess-header.jpg HTTP/1.1" 304 -
::1 - - [23/Dec/2018:17:28:06 +0000] "GET /css/styles.css HTTP/1.1" 200 539
::1 - - [23/Dec/2018:17:28:06 +0000] "GET / HTTP/1.1" 200 -
::1 - - [23/Dec/2018:17:28:06 +0000] "GET /css/styles.css HTTP/1.1" 200 539
::1 - - [23/Dec/2018:17:28:06 +0000] "GET /pictures/chess-header.jpg HTTP/1.1" 304 -
::1 - - [23/Dec/2018:17:30:39 +0000] "GET /css/styles.css HTTP/1.1" 304 -
::1 - - [23/Dec/2018:17:30:39 +0000] "GET / HTTP/1.1" 200 -
::1 - - [23/Dec/2018:17:30:39 +0000] "GET /css/styles.css HTTP/1.1" 200 539
::1 - - [23/Dec/2018:17:30:39 +0000] "GET /pictures/chess-header.jpg HTTP/1.1" 304 -
::1 - - [23/Dec/2018:17:31:27 +0000] "GET / HTTP/1.1" 200 -
::1 - - [23/Dec/2018:17:31:27 +0000] "GET /css/styles.css HTTP/1.1" 304 -
::1 - - [23/Dec/2018:17:31:27 +0000] "GET /css/styles.css HTTP/1.1" 200 539
::1 - - [23/Dec/2018:17:31:27 +0000] "GET /pictures/chess-header.jpg HTTP/1.1" 304 -
::1 - - [23/Dec/2018:17:31:56 +0000] "GET / HTTP/1.1" 200 -
::1 - - [23/Dec/2018:17:31:56 +0000] "GET /css/styles.css HTTP/1.1" 304 -
::1 - - [23/Dec/2018:17:31:56 +0000] "GET /pictures/chess-header.jpg HTTP/1.1" 304 -
::1 - - [23/Dec/2018:17:31:56 +0000] "GET /css/styles.css HTTP/1.1" 200 539
::1 - - [23/Dec/2018:17:33:36 +0000] "GET / HTTP/1.1" 200 -
::1 - - [23/Dec/2018:17:33:36 +0000] "GET /css/styles.css HTTP/1.1" 200 572
::1 - - [23/Dec/2018:17:33:36 +0000] "GET /css/styles.css HTTP/1.1" 200 572
::1 - - [23/Dec/2018:17:33:36 +0000] "GET /pictures/chess-header.jpg HTTP/1.1" 304 -
::1 - - [23/Dec/2018:17:33:45 +0000] "GET / HTTP/1.1" 200 -
::1 - - [23/Dec/2018:17:33:45 +0000] "GET /css/styles.css HTTP/1.1" 200 573
::1 - - [23/Dec/2018:17:33:45 +0000] "GET /css/styles.css HTTP/1.1" 200 573
::1 - - [23/Dec/2018:17:33:45 +0000] "GET /pictures/chess-header.jpg HTTP/1.1" 304 -
::1 - - [23/Dec/2018:17:34:07 +0000] "GET / HTTP/1.1" 200 -
::1 - - [23/Dec/2018:17:34:07 +0000] "GET /css/styles.css HTTP/1.1" 200 572
::1 - - [23/Dec/2018:17:34:07 +0000] "GET /css/styles.css HTTP/1.1" 200 572
::1 - - [23/Dec/2018:17:34:07 +0000] "GET /pictures/chess-header.jpg HTTP/1.1" 304 -
::1 - - [23/Dec/2018:17:34:31 +0000] "GET / HTTP/1.1" 200 -
::1 - - [23/Dec/2018:17:34:31 +0000] "GET /css/styles.css HTTP/1.1" 200 589
::1 - - [23/Dec/2018:17:34:31 +0000] "GET /css/styles.css HTTP/1.1" 200 589
::1 - - [23/Dec/2018:17:34:31 +0000] "GET /pictures/chess-header.jpg HTTP/1.1" 304 -
::1 - - [23/Dec/2018:17:36:38 +0000] "GET / HTTP/1.1" 200 -
::1 - - [23/Dec/2018:17:36:38 +0000] "GET /css/styles.css HTTP/1.1" 304 -
::1 - - [23/Dec/2018:17:36:38 +0000] "GET /css/styles.css HTTP/1.1" 200 589
::1 - - [23/Dec/2018:17:36:38 +0000] "GET /pictures/chess-header.jpg HTTP/1.1" 304 -
::1 - - [23/Dec/2018:17:37:11 +0000] "GET /css/styles.css HTTP/1.1" 200 573
::1 - - [23/Dec/2018:17:37:11 +0000] "GET / HTTP/1.1" 200 -
::1 - - [23/Dec/2018:17:37:11 +0000] "GET /css/styles.css HTTP/1.1" 200 573
::1 - - [23/Dec/2018:17:37:11 +0000] "GET /pictures/chess-header.jpg HTTP/1.1" 304 -
::1 - - [23/Dec/2018:17:37:57 +0000] "GET /css/styles.css HTTP/1.1" 200 607
::1 - - [23/Dec/2018:17:37:57 +0000] "GET / HTTP/1.1" 200 -
::1 - - [23/Dec/2018:17:37:57 +0000] "GET /css/styles.css HTTP/1.1" 200 607
::1 - - [23/Dec/2018:17:37:57 +0000] "GET /pictures/chess-header.jpg HTTP/1.1" 304 -
::1 - - [23/Dec/2018:17:38:12 +0000] "GET /css/styles.css HTTP/1.1" 304 -
::1 - - [23/Dec/2018:17:38:12 +0000] "GET / HTTP/1.1" 200 -
::1 - - [23/Dec/2018:17:38:12 +0000] "GET /css/styles.css HTTP/1.1" 200 607
::1 - - [23/Dec/2018:17:38:12 +0000] "GET /pictures/chess-header.jpg HTTP/1.1" 304 -
::1 - - [23/Dec/2018:17:38:26 +0000] "GET /css/styles.css HTTP/1.1" 304 -
::1 - - [23/Dec/2018:17:38:26 +0000] "GET / HTTP/1.1" 200 -
::1 - - [23/Dec/2018:17:38:26 +0000] "GET /css/styles.css HTTP/1.1" 200 607
::1 - - [23/Dec/2018:17:38:26 +0000] "GET /pictures/chess-header.jpg HTTP/1.1" 304 -
::1 - - [23/Dec/2018:17:38:48 +0000] "GET /css/styles.css HTTP/1.1" 304 -
::1 - - [23/Dec/2018:17:38:48 +0000] "GET / HTTP/1.1" 200 -
::1 - - [23/Dec/2018:17:38:48 +0000] "GET /css/styles.css HTTP/1.1" 200 607
::1 - - [23/Dec/2018:17:38:48 +0000] "GET /pictures/chess-header.jpg HTTP/1.1" 304 -
::1 - - [23/Dec/2018:17:40:59 +0000] "GET / HTTP/1.1" 200 -
::1 - - [23/Dec/2018:17:40:59 +0000] "GET /css/styles.css HTTP/1.1" 304 -
::1 - - [23/Dec/2018:17:40:59 +0000] "GET /css/styles.css HTTP/1.1" 200 607
::1 - - [23/Dec/2018:17:40:59 +0000] "GET /pictures/chess-header.jpg HTTP/1.1" 304 -
::1 - - [23/Dec/2018:17:41:04 +0000] "GET /loadGame?loadGameId= HTTP/1.1" 404 41
::1 - - [23/Dec/2018:17:41:04 +0000] "GET /favicon.ico HTTP/1.1" 404 41
::1 - - [23/Dec/2018:17:41:52 +0000] "GET /newGame?newGameId=5&loadGameId= HTTP/1.1" 200 -
::1 - - [23/Dec/2018:17:41:52 +0000] "GET /css/styles.css HTTP/1.1" 304 -
::1 - - [23/Dec/2018:17:41:52 +0000] "GET / HTTP/1.1" 200 -
::1 - - [23/Dec/2018:17:41:52 +0000] "GET /css/styles.css HTTP/1.1" 200 607
::1 - - [23/Dec/2018:17:41:52 +0000] "GET /pictures/chess-header.jpg HTTP/1.1" 304 -
::1 - - [23/Dec/2018:17:42:20 +0000] "GET /css/styles.css HTTP/1.1" 304 -
::1 - - [23/Dec/2018:17:42:20 +0000] "GET / HTTP/1.1" 200 -
::1 - - [23/Dec/2018:17:42:20 +0000] "GET /css/styles.css HTTP/1.1" 200 607
::1 - - [23/Dec/2018:17:42:20 +0000] "GET /pictures/chess-header.jpg HTTP/1.1" 304 -
::1 - - [23/Dec/2018:17:44:30 +0000] "GET /css/styles.css HTTP/1.1" 304 -
::1 - - [23/Dec/2018:17:44:30 +0000] "GET / HTTP/1.1" 200 -
::1 - - [23/Dec/2018:17:44:30 +0000] "GET /css/styles.css HTTP/1.1" 200 607
::1 - - [23/Dec/2018:17:44:30 +0000] "GET /pictures/chess-header.jpg HTTP/1.1" 304 -
::1 - - [23/Dec/2018:17:44:54 +0000] "GET / HTTP/1.1" 200 -
::1 - - [23/Dec/2018:17:44:54 +0000] "GET /css/styles.css HTTP/1.1" 200 624
::1 - - [23/Dec/2018:17:44:54 +0000] "GET /css/styles.css HTTP/1.1" 200 624
::1 - - [23/Dec/2018:17:44:54 +0000] "GET /pictures/chess-header.jpg HTTP/1.1" 304 -
::1 - - [23/Dec/2018:17:45:16 +0000] "GET /css/styles.css HTTP/1.1" 304 -
::1 - - [23/Dec/2018:17:45:16 +0000] "GET / HTTP/1.1" 200 -
::1 - - [23/Dec/2018:17:45:16 +0000] "GET /css/styles.css HTTP/1.1" 200 624
::1 - - [23/Dec/2018:17:45:16 +0000] "GET /pictures/chess-header.jpg HTTP/1.1" 304 -
::1 - - [23/Dec/2018:20:01:45 +0000] "GET / HTTP/1.1" 200 -
::1 - - [23/Dec/2018:20:01:45 +0000] "GET /css/styles.css HTTP/1.1" 200 624
::1 - - [23/Dec/2018:20:01:45 +0000] "GET /pictures/chess-header.jpg HTTP/1.1" 200 61877
::1 - - [23/Dec/2018:20:01:49 +0000] "GET /newGame?newGameId= HTTP/1.1" 200 -
::1 - - [23/Dec/2018:20:01:49 +0000] "GET /css/styles.css HTTP/1.1" 304 -
::1 - - [23/Dec/2018:20:01:51 +0000] "GET /? HTTP/1.1" 200 -
::1 - - [23/Dec/2018:20:01:51 +0000] "GET /css/styles.css HTTP/1.1" 304 -
::1 - - [23/Dec/2018:20:01:51 +0000] "GET /pictures/chess-header.jpg HTTP/1.1" 304 -
::1 - - [23/Dec/2018:20:01:55 +0000] "GET /newGame?newGameId= HTTP/1.1" 200 -
::1 - - [23/Dec/2018:20:01:55 +0000] "GET /css/styles.css HTTP/1.1" 304 -
::1 - - [23/Dec/2018:20:01:57 +0000] "GET /? HTTP/1.1" 200 -
::1 - - [23/Dec/2018:20:01:57 +0000] "GET /css/styles.css HTTP/1.1" 304 -
::1 - - [23/Dec/2018:20:01:57 +0000] "GET /pictures/chess-header.jpg HTTP/1.1" 304 -
::1 - - [23/Dec/2018:20:02:01 +0000] "GET /css/styles.css HTTP/1.1" 304 -
::1 - - [23/Dec/2018:20:02:47 +0000] "GET /newGame?newGameId=5 HTTP/1.1" 200 -
::1 - - [23/Dec/2018:20:02:47 +0000] "GET /css/styles.css HTTP/1.1" 304 -
::1 - - [23/Dec/2018:20:02:49 +0000] "GET /? HTTP/1.1" 200 -
::1 - - [23/Dec/2018:20:02:50 +0000] "GET /css/styles.css HTTP/1.1" 304 -
::1 - - [23/Dec/2018:20:02:50 +0000] "GET /pictures/chess-header.jpg HTTP/1.1" 304 -
::1 - - [23/Dec/2018:20:05:04 +0000] "GET /? HTTP/1.1" 200 -
::1 - - [23/Dec/2018:20:05:04 +0000] "GET /css/styles.css HTTP/1.1" 304 -
::1 - - [23/Dec/2018:20:05:04 +0000] "GET /pictures/chess-header.jpg HTTP/1.1" 304 -
::1 - - [23/Dec/2018:20:05:20 +0000] "GET /newGame?newGameId=5 HTTP/1.1" 200 -
::1 - - [23/Dec/2018:20:05:20 +0000] "GET /css/styles.css HTTP/1.1" 304 -
::1 - - [23/Dec/2018:20:05:49 +0000] "GET /? HTTP/1.1" 200 -
::1 - - [23/Dec/2018:20:05:49 +0000] "GET /css/styles.css HTTP/1.1" 304 -
::1 - - [23/Dec/2018:20:05:49 +0000] "GET /pictures/chess-header.jpg HTTP/1.1" 304 -
::1 - - [26/Dec/2018:19:47:41 +0000] "GET / HTTP/1.1" 200 -
::1 - - [26/Dec/2018:19:47:42 +0000] "GET /css/styles.css HTTP/1.1" 200 745
::1 - - [26/Dec/2018:19:47:42 +0000] "GET /pictures/chess-header.jpg HTTP/1.1" 200 61877
::1 - - [26/Dec/2018:20:03:17 +0000] "GET / HTTP/1.1" 200 -
::1 - - [26/Dec/2018:20:03:17 +0000] "GET /css/styles.css HTTP/1.1" 200 745
::1 - - [26/Dec/2018:20:03:17 +0000] "GET /pictures/chess-header.jpg HTTP/1.1" 200 61877
::1 - - [26/Dec/2018:20:03:17 +0000] "GET /favicon.ico HTTP/1.1" 404 41
::1 - - [26/Dec/2018:20:06:14 +0000] "GET / HTTP/1.1" 200 -
::1 - - [26/Dec/2018:20:06:14 +0000] "GET /css/styles.css HTTP/1.1" 304 -
::1 - - [26/Dec/2018:20:06:14 +0000] "GET /pictures/chess-header.jpg HTTP/1.1" 304 -
::1 - - [26/Dec/2018:20:06:15 +0000] "GET /css/styles.css HTTP/1.1" 304 -
::1 - - [26/Dec/2018:20:06:20 +0000] "GET / HTTP/1.1" 200 -
::1 - - [26/Dec/2018:20:06:20 +0000] "GET /css/styles.css HTTP/1.1" 304 -
::1 - - [26/Dec/2018:20:06:20 +0000] "GET /pictures/chess-header.jpg HTTP/1.1" 304 -
::1 - - [26/Dec/2018:20:07:38 +0000] "GET / HTTP/1.1" 200 -
::1 - - [26/Dec/2018:20:07:38 +0000] "GET /css/styles.css HTTP/1.1" 304 -
::1 - - [26/Dec/2018:20:07:38 +0000] "GET /pictures/chess-header.jpg HTTP/1.1" 304 -
::1 - - [26/Dec/2018:20:11:33 +0000] "GET / HTTP/1.1" 200 -
::1 - - [26/Dec/2018:20:11:34 +0000] "GET /css/styles.css HTTP/1.1" 304 -
::1 - - [26/Dec/2018:20:11:34 +0000] "GET /pictures/chess-header.jpg HTTP/1.1" 304 -
::1 - - [26/Dec/2018:20:11:43 +0000] "GET /pictures/chess-header.jpg HTTP/1.1" 304 -
::1 - - [02/Jan/2019:16:38:47 +0000] "GET / HTTP/1.1" 200 -
::1 - - [02/Jan/2019:16:38:47 +0000] "GET /css/styles.css HTTP/1.1" 200 745
::1 - - [02/Jan/2019:16:38:47 +0000] "GET /pictures/chess-header.jpg HTTP/1.1" 200 61877
::1 - - [02/Jan/2019:16:38:47 +0000] "GET /favicon.ico HTTP/1.1" 404 41
::1 - - [02/Jan/2019:16:38:50 +0000] "GET /newGame?newGameId=5 HTTP/1.1" 200 -
::1 - - [02/Jan/2019:16:38:50 +0000] "GET /css/styles.css HTTP/1.1" 304 -
::1 - - [02/Jan/2019:16:39:20 +0000] "GET /? HTTP/1.1" 200 -
::1 - - [02/Jan/2019:16:39:20 +0000] "GET /css/styles.css HTTP/1.1" 304 -
::1 - - [02/Jan/2019:16:39:20 +0000] "GET /pictures/chess-header.jpg HTTP/1.1" 304 -
