::1 - - [23/Dec/2018:20:29:13 +0000] "GET / HTTP/1.1" 200 -
::1 - - [23/Dec/2018:20:29:22 +0000] "GET /neuesSpiel?neuesSpielID= HTTP/1.1" 404 149
::1 - - [23/Dec/2018:22:35:35 +0000] "GET /neuesSpiel?neuesSpielID=5 HTTP/1.1" 200 -
::1 - - [23/Dec/2018:22:36:11 +0000] "GET /neuesSpiel?neuesSpielID=5 HTTP/1.1" 200 -
::1 - - [23/Dec/2018:22:37:09 +0000] "GET /neuesSpiel?neuesSpielID=5 HTTP/1.1" 200 -
::1 - - [23/Dec/2018:22:39:06 +0000] "GET /neuesSpiel?neuesSpielID=5 HTTP/1.1" 200 -
::1 - - [23/Dec/2018:22:40:43 +0000] "GET / HTTP/1.1" 200 -
::1 - - [23/Dec/2018:22:40:45 +0000] "GET /neuesSpiel?neuesSpielID=5 HTTP/1.1" 200 -
::1 - - [23/Dec/2018:22:41:03 +0000] "GET /neuesSpiel?neuesSpielID=5 HTTP/1.1" 200 -
::1 - - [23/Dec/2018:22:41:46 +0000] "GET /neuesSpiel?neuesSpielID=5 HTTP/1.1" 200 -
::1 - - [23/Dec/2018:22:42:09 +0000] "GET /neuesSpiel?neuesSpielID=5 HTTP/1.1" 200 -
::1 - - [23/Dec/2018:22:42:29 +0000] "GET /neuesSpiel?neuesSpielID=5 HTTP/1.1" 200 -
::1 - - [23/Dec/2018:22:42:39 +0000] "GET /neuesSpiel?neuesSpielID=5 HTTP/1.1" 200 -
::1 - - [23/Dec/2018:23:01:05 +0000] "GET /neuesSpiel?neuesSpielID=5 HTTP/1.1" 200 -
::1 - - [23/Dec/2018:23:04:29 +0000] "GET /neuesSpiel?neuesSpielID=5 HTTP/1.1" 200 -
::1 - - [23/Dec/2018:23:05:44 +0000] "GET /neuesSpiel?neuesSpielID=5 HTTP/1.1" 200 -
::1 - - [23/Dec/2018:23:06:36 +0000] "GET /neuesSpiel?neuesSpielID=5 HTTP/1.1" 200 -
::1 - - [23/Dec/2018:23:07:16 +0000] "GET /neuesSpiel?neuesSpielID=5 HTTP/1.1" 200 -
::1 - - [23/Dec/2018:23:07:34 +0000] "GET /neuesSpiel?neuesSpielID=5 HTTP/1.1" 200 -
::1 - - [23/Dec/2018:23:13:50 +0000] "GET /neuesSpiel?neuesSpielID=5 HTTP/1.1" 200 -
::1 - - [23/Dec/2018:23:18:19 +0000] "GET /neuesSpiel?neuesSpielID=5 HTTP/1.1" 200 -
::1 - - [23/Dec/2018:23:25:59 +0000] "GET /neuesSpiel?neuesSpielID=5 HTTP/1.1" 200 -
::1 - - [23/Dec/2018:23:26:20 +0000] "GET /neuesSpiel?neuesSpielID=5 HTTP/1.1" 200 -
::1 - - [23/Dec/2018:23:26:38 +0000] "GET /neuesSpiel?neuesSpielID=5 HTTP/1.1" 200 -
::1 - - [23/Dec/2018:23:26:42 +0000] "GET /neuesSpiel?neuesSpielID=5 HTTP/1.1" 200 -
::1 - - [23/Dec/2018:23:26:54 +0000] "GET /neuesSpiel?neuesSpielID=5 HTTP/1.1" 200 -
::1 - - [23/Dec/2018:23:27:03 +0000] "GET /neuesSpiel?neuesSpielID=5 HTTP/1.1" 200 -
::1 - - [23/Dec/2018:23:27:50 +0000] "GET /neuesSpiel?neuesSpielID=5 HTTP/1.1" 200 -
::1 - - [23/Dec/2018:23:28:04 +0000] "GET /neuesSpiel?neuesSpielID=5 HTTP/1.1" 200 -
::1 - - [23/Dec/2018:23:28:15 +0000] "GET /neuesSpiel?neuesSpielID=5 HTTP/1.1" 200 -
::1 - - [23/Dec/2018:23:28:26 +0000] "GET /neuesSpiel?neuesSpielID=5 HTTP/1.1" 200 -
::1 - - [23/Dec/2018:23:28:37 +0000] "GET /neuesSpiel?neuesSpielID=5 HTTP/1.1" 200 -
::1 - - [23/Dec/2018:23:28:45 +0000] "GET /neuesSpiel?neuesSpielID=5 HTTP/1.1" 200 -
::1 - - [23/Dec/2018:23:29:58 +0000] "GET /neuesSpiel?neuesSpielID=5 HTTP/1.1" 200 -
::1 - - [23/Dec/2018:23:30:41 +0000] "GET /neuesSpiel?neuesSpielID=5 HTTP/1.1" 200 -
::1 - - [23/Dec/2018:23:30:51 +0000] "GET /neuesSpiel?neuesSpielID=5 HTTP/1.1" 200 -
::1 - - [23/Dec/2018:23:30:59 +0000] "GET /neuesSpiel?neuesSpielID=5 HTTP/1.1" 200 -
::1 - - [23/Dec/2018:23:31:11 +0000] "GET /neuesSpiel?neuesSpielID=5 HTTP/1.1" 200 -
::1 - - [23/Dec/2018:23:31:48 +0000] "GET /neuesSpiel?neuesSpielID=5 HTTP/1.1" 200 -
::1 - - [23/Dec/2018:23:32:40 +0000] "GET / HTTP/1.1" 200 -
::1 - - [23/Dec/2018:23:32:44 +0000] "GET /neuesSpiel?neuesSpielID=5 HTTP/1.1" 200 -
::1 - - [23/Dec/2018:23:32:52 +0000] "GET /neuesSpiel?neuesSpielID=5 HTTP/1.1" 200 -
::1 - - [23/Dec/2018:23:34:08 +0000] "GET /neuesSpiel?neuesSpielID=5 HTTP/1.1" 200 -
::1 - - [23/Dec/2018:23:40:52 +0000] "GET /xml HTTP/1.1" - -
::1 - - [23/Dec/2018:23:43:12 +0000] "GET / HTTP/1.1" 200 -
::1 - - [23/Dec/2018:23:43:16 +0000] "GET /neuesSpiel?neuesSpielID=5 HTTP/1.1" 200 -
::1 - - [23/Dec/2018:23:46:49 +0000] "GET /neuesSpiel?neuesSpielID=5 HTTP/1.1" 200 -
::1 - - [23/Dec/2018:23:47:07 +0000] "GET /neuesSpiel?neuesSpielID=5 HTTP/1.1" 200 -
::1 - - [23/Dec/2018:23:47:43 +0000] "GET /neuesSpiel?neuesSpielID=5 HTTP/1.1" 200 -
::1 - - [23/Dec/2018:23:47:54 +0000] "GET /neuesSpiel?neuesSpielID=5 HTTP/1.1" 200 -
::1 - - [23/Dec/2018:23:48:01 +0000] "GET /neuesSpiel?neuesSpielID=5 HTTP/1.1" 200 -
::1 - - [23/Dec/2018:23:48:25 +0000] "GET /neuesSpiel?neuesSpielID=5 HTTP/1.1" 200 -
::1 - - [23/Dec/2018:23:49:01 +0000] "GET /neuesSpiel?neuesSpielID=5 HTTP/1.1" 200 -
::1 - - [23/Dec/2018:23:49:27 +0000] "GET /neuesSpiel?neuesSpielID=5 HTTP/1.1" 200 -
::1 - - [23/Dec/2018:23:49:35 +0000] "GET /neuesSpiel?neuesSpielID=5 HTTP/1.1" 200 -
::1 - - [23/Dec/2018:23:50:01 +0000] "GET /neuesSpiel?neuesSpielID=5 HTTP/1.1" 200 -
::1 - - [23/Dec/2018:23:50:11 +0000] "GET /neuesSpiel?neuesSpielID=5 HTTP/1.1" 200 -
::1 - - [23/Dec/2018:23:50:24 +0000] "GET /neuesSpiel?neuesSpielID=5 HTTP/1.1" 200 -
::1 - - [23/Dec/2018:23:51:15 +0000] "GET /neuesSpiel?neuesSpielID=5 HTTP/1.1" 200 -
::1 - - [23/Dec/2018:23:52:04 +0000] "GET /neuesSpiel?neuesSpielID=5 HTTP/1.1" 200 -
::1 - - [23/Dec/2018:23:52:07 +0000] "GET /neuesSpiel?neuesSpielID=5 HTTP/1.1" 200 -
::1 - - [23/Dec/2018:23:52:09 +0000] "GET /neuesSpiel?neuesSpielID=5 HTTP/1.1" 200 -
::1 - - [23/Dec/2018:23:52:10 +0000] "GET /neuesSpiel?neuesSpielID=5 HTTP/1.1" 200 -
::1 - - [23/Dec/2018:23:52:18 +0000] "GET /neuesSpiel?neuesSpielID=5 HTTP/1.1" 200 -
::1 - - [23/Dec/2018:23:52:45 +0000] "GET /neuesSpiel?neuesSpielID=5 HTTP/1.1" 200 -
::1 - - [23/Dec/2018:23:53:02 +0000] "GET /neuesSpiel?neuesSpielID=5 HTTP/1.1" 200 -
::1 - - [23/Dec/2018:23:53:09 +0000] "GET /neuesSpiel?neuesSpielID=5 HTTP/1.1" 200 -
::1 - - [23/Dec/2018:23:53:17 +0000] "GET /neuesSpiel?neuesSpielID=5 HTTP/1.1" 200 -
::1 - - [23/Dec/2018:23:53:29 +0000] "GET /neuesSpiel?neuesSpielID=5 HTTP/1.1" 200 -
::1 - - [23/Dec/2018:23:54:19 +0000] "GET /neuesSpiel?neuesSpielID=5 HTTP/1.1" 200 -
::1 - - [23/Dec/2018:23:56:40 +0000] "GET /neuesSpiel?neuesSpielID=5 HTTP/1.1" 200 -
::1 - - [23/Dec/2018:23:56:57 +0000] "GET /neuesSpiel?neuesSpielID=5 HTTP/1.1" 200 -
::1 - - [23/Dec/2018:23:58:35 +0000] "GET /neuesSpiel?neuesSpielID=5 HTTP/1.1" 200 -
::1 - - [23/Dec/2018:23:58:41 +0000] "GET /neuesSpiel?neuesSpielID=5 HTTP/1.1" 200 -
::1 - - [23/Dec/2018:23:59:02 +0000] "GET /neuesSpiel?neuesSpielID=5 HTTP/1.1" 200 -
::1 - - [23/Dec/2018:23:59:52 +0000] "GET /neuesSpiel?neuesSpielID=5 HTTP/1.1" 200 -
::1 - - [24/Dec/2018:00:00:00 +0000] "GET /neuesSpiel?neuesSpielID=5 HTTP/1.1" 200 -
::1 - - [24/Dec/2018:00:04:00 +0000] "GET /neuesSpiel?neuesSpielID=5 HTTP/1.1" 200 -
::1 - - [24/Dec/2018:00:07:09 +0000] "GET /neuesSpiel?neuesSpielID=5 HTTP/1.1" 200 -
::1 - - [24/Dec/2018:00:10:56 +0000] "GET /neuesSpiel?neuesSpielID=5 HTTP/1.1" 200 -
::1 - - [24/Dec/2018:00:11:22 +0000] "GET /neuesSpiel?neuesSpielID=5 HTTP/1.1" 200 -
::1 - - [24/Dec/2018:00:11:23 +0000] "GET /neuesSpiel?neuesSpielID=5 HTTP/1.1" 200 -
::1 - - [24/Dec/2018:00:12:49 +0000] "GET /neuesSpiel?neuesSpielID=5 HTTP/1.1" 200 -
::1 - - [24/Dec/2018:00:13:22 +0000] "GET /neuesSpiel?neuesSpielID=5 HTTP/1.1" 200 -
::1 - - [24/Dec/2018:00:13:38 +0000] "GET /neuesSpiel?neuesSpielID=5 HTTP/1.1" 200 -
::1 - - [24/Dec/2018:00:13:54 +0000] "GET /neuesSpiel?neuesSpielID=5 HTTP/1.1" 200 -
::1 - - [24/Dec/2018:00:14:37 +0000] "GET /neuesSpiel?neuesSpielID=5 HTTP/1.1" 200 -
::1 - - [24/Dec/2018:00:14:39 +0000] "GET /neuesSpiel?neuesSpielID=5 HTTP/1.1" 200 -
::1 - - [24/Dec/2018:00:14:39 +0000] "GET /neuesSpiel?neuesSpielID=5 HTTP/1.1" 200 -
::1 - - [24/Dec/2018:00:14:40 +0000] "GET /neuesSpiel?neuesSpielID=5 HTTP/1.1" - -
::1 - - [24/Dec/2018:00:14:40 +0000] "GET /neuesSpiel?neuesSpielID=5 HTTP/1.1" - -
::1 - - [24/Dec/2018:00:14:40 +0000] "GET /neuesSpiel?neuesSpielID=5 HTTP/1.1" 200 -
::1 - - [24/Dec/2018:00:15:04 +0000] "GET /neuesSpiel?neuesSpielID=5 HTTP/1.1" 200 -
::1 - - [24/Dec/2018:00:15:11 +0000] "GET /neuesSpiel?neuesSpielID=5 HTTP/1.1" 200 -
::1 - - [24/Dec/2018:00:15:18 +0000] "GET /neuesSpiel?neuesSpielID=5 HTTP/1.1" 200 -
::1 - - [24/Dec/2018:00:15:32 +0000] "GET /neuesSpiel?neuesSpielID=5 HTTP/1.1" 200 -
::1 - - [24/Dec/2018:00:15:46 +0000] "GET /neuesSpiel?neuesSpielID=5 HTTP/1.1" 200 -
::1 - - [24/Dec/2018:00:15:49 +0000] "GET /neuesSpiel?neuesSpielID=5 HTTP/1.1" 200 -
::1 - - [24/Dec/2018:00:15:58 +0000] "GET /neuesSpiel?neuesSpielID=5 HTTP/1.1" 200 -
::1 - - [24/Dec/2018:00:16:12 +0000] "GET /neuesSpiel?neuesSpielID=5 HTTP/1.1" 200 -
::1 - - [24/Dec/2018:00:20:33 +0000] "GET /neuesSpiel?neuesSpielID=5 HTTP/1.1" 200 -
::1 - - [24/Dec/2018:01:09:11 +0000] "GET / HTTP/1.1" 200 -
::1 - - [24/Dec/2018:01:09:13 +0000] "GET / HTTP/1.1" 200 -
::1 - - [24/Dec/2018:01:09:14 +0000] "GET /neuesSpiel?neuesSpielID= HTTP/1.1" 200 -
::1 - - [24/Dec/2018:01:11:32 +0000] "GET /neuesSpiel?neuesSpielID= HTTP/1.1" 200 -
::1 - - [24/Dec/2018:01:12:04 +0000] "GET /neuesSpiel?neuesSpielID= HTTP/1.1" 200 -
::1 - - [24/Dec/2018:01:12:19 +0000] "GET /neuesSpiel?neuesSpielID= HTTP/1.1" 200 -
::1 - - [24/Dec/2018:01:13:34 +0000] "GET /neuesSpiel?neuesSpielID= HTTP/1.1" 200 -
::1 - - [24/Dec/2018:01:13:51 +0000] "GET /neuesSpiel?neuesSpielID= HTTP/1.1" 200 -
::1 - - [24/Dec/2018:01:14:38 +0000] "GET /neuesSpiel?neuesSpielID= HTTP/1.1" 200 -
::1 - - [24/Dec/2018:01:17:57 +0000] "GET /neuesSpiel?neuesSpielID= HTTP/1.1" 200 -
::1 - - [24/Dec/2018:12:21:45 +0000] "GET / HTTP/1.1" 200 -
::1 - - [24/Dec/2018:12:23:47 +0000] "GET /neuesSpiel?neuesSpielID=5 HTTP/1.1" 200 -
::1 - - [24/Dec/2018:12:24:04 +0000] "GET /neuesSpiel?neuesSpielID=5 HTTP/1.1" 200 -
::1 - - [24/Dec/2018:12:24:35 +0000] "GET /neuesSpiel?neuesSpielID=5 HTTP/1.1" 200 -
::1 - - [24/Dec/2018:13:34:20 +0000] "GET / HTTP/1.1" 200 -
::1 - - [24/Dec/2018:13:34:20 +0000] "GET /favicon.ico HTTP/1.1" 404 150
::1 - - [24/Dec/2018:13:34:25 +0000] "GET /neuesSpiel?neuesSpielID=5 HTTP/1.1" 200 -
::1 - - [24/Dec/2018:14:58:24 +0000] "GET / HTTP/1.1" 200 -
::1 - - [24/Dec/2018:14:58:24 +0000] "GET /favicon.ico HTTP/1.1" 404 150
::1 - - [24/Dec/2018:14:58:58 +0000] "GET /neuesSpiel?neuesSpielID= HTTP/1.1" 200 -
::1 - - [24/Dec/2018:14:59:44 +0000] "GET /neuesSpiel?neuesSpielID= HTTP/1.1" 200 -
::1 - - [24/Dec/2018:15:00:55 +0000] "GET /neuesSpiel?neuesSpielID= HTTP/1.1" 200 -
::1 - - [24/Dec/2018:15:07:15 +0000] "GET /neuesSpiel?neuesSpielID= HTTP/1.1" 200 -
::1 - - [24/Dec/2018:15:07:58 +0000] "GET /neuesSpiel?neuesSpielID= HTTP/1.1" 200 -
::1 - - [26/Dec/2018:13:59:28 +0000] "GET / HTTP/1.1" 200 -
::1 - - [26/Dec/2018:13:59:30 +0000] "GET /neuesSpiel?neuesSpielID= HTTP/1.1" 200 -
::1 - - [26/Dec/2018:14:01:39 +0000] "GET /neuesSpiel?neuesSpielID= HTTP/1.1" 200 -
::1 - - [26/Dec/2018:14:01:51 +0000] "GET /neuesSpiel?neuesSpielID= HTTP/1.1" 200 -
::1 - - [26/Dec/2018:14:02:17 +0000] "GET /neuesSpiel?neuesSpielID= HTTP/1.1" 200 -
::1 - - [26/Dec/2018:14:07:25 +0000] "GET /neuesSpiel?neuesSpielID= HTTP/1.1" 200 -
::1 - - [26/Dec/2018:14:07:40 +0000] "GET /neuesSpiel?neuesSpielID= HTTP/1.1" 200 -
::1 - - [26/Dec/2018:14:07:50 +0000] "GET /neuesSpiel?neuesSpielID= HTTP/1.1" 200 -
::1 - - [26/Dec/2018:14:14:02 +0000] "GET /neuesSpiel?neuesSpielID= HTTP/1.1" 200 -
::1 - - [26/Dec/2018:14:15:33 +0000] "GET /neuesSpiel?neuesSpielID= HTTP/1.1" 200 -
::1 - - [26/Dec/2018:14:15:48 +0000] "GET /neuesSpiel?neuesSpielID= HTTP/1.1" 200 -
::1 - - [26/Dec/2018:14:16:02 +0000] "GET /neuesSpiel?neuesSpielID= HTTP/1.1" 200 -
::1 - - [26/Dec/2018:14:16:14 +0000] "GET /neuesSpiel?neuesSpielID= HTTP/1.1" 200 -
::1 - - [26/Dec/2018:14:16:26 +0000] "GET /neuesSpiel?neuesSpielID= HTTP/1.1" 200 -
::1 - - [26/Dec/2018:14:16:34 +0000] "GET /neuesSpiel?neuesSpielID= HTTP/1.1" 200 -
::1 - - [26/Dec/2018:14:16:57 +0000] "GET /neuesSpiel?neuesSpielID= HTTP/1.1" 200 -
::1 - - [26/Dec/2018:15:24:09 +0000] "GET / HTTP/1.1" 200 -
::1 - - [26/Dec/2018:15:24:12 +0000] "GET /neuesSpiel?neuesSpielID= HTTP/1.1" 200 -
::1 - - [26/Dec/2018:15:30:04 +0000] "GET /neuesSpiel?neuesSpielID= HTTP/1.1" 200 -
::1 - - [26/Dec/2018:15:30:40 +0000] "GET /neuesSpiel?neuesSpielID= HTTP/1.1" 200 -
::1 - - [26/Dec/2018:15:32:16 +0000] "GET /neuesSpiel?neuesSpielID= HTTP/1.1" 200 -
::1 - - [26/Dec/2018:15:33:19 +0000] "GET /neuesSpiel?neuesSpielID= HTTP/1.1" 200 -
::1 - - [26/Dec/2018:15:34:42 +0000] "GET /neuesSpiel?neuesSpielID= HTTP/1.1" 200 -
::1 - - [26/Dec/2018:15:35:06 +0000] "GET /neuesSpiel?neuesSpielID= HTTP/1.1" 200 -
::1 - - [26/Dec/2018:15:35:45 +0000] "GET /neuesSpiel?neuesSpielID= HTTP/1.1" 200 -
::1 - - [26/Dec/2018:15:36:17 +0000] "GET /neuesSpiel?neuesSpielID= HTTP/1.1" 200 -
::1 - - [26/Dec/2018:15:38:46 +0000] "GET /neuesSpiel?neuesSpielID= HTTP/1.1" 200 -
::1 - - [26/Dec/2018:15:38:57 +0000] "GET /neuesSpiel?neuesSpielID= HTTP/1.1" 200 -
::1 - - [26/Dec/2018:15:39:09 +0000] "GET /neuesSpiel?neuesSpielID= HTTP/1.1" 200 -
::1 - - [26/Dec/2018:15:39:33 +0000] "GET /neuesSpiel?neuesSpielID= HTTP/1.1" 200 -
::1 - - [26/Dec/2018:15:39:52 +0000] "GET /neuesSpiel?neuesSpielID= HTTP/1.1" 200 -
::1 - - [26/Dec/2018:16:26:25 +0000] "GET / HTTP/1.1" 200 -
::1 - - [26/Dec/2018:16:26:27 +0000] "GET /neuesSpiel?neuesSpielID= HTTP/1.1" 200 -
::1 - - [26/Dec/2018:16:26:45 +0000] "GET /newesSpiel HTTP/1.1" 404 149
::1 - - [26/Dec/2018:16:26:53 +0000] "GET /neuesSpiel?neuesSpielID=5 HTTP/1.1" 200 -
::1 - - [26/Dec/2018:16:26:56 +0000] "GET /neuesSpiel HTTP/1.1" 200 -
::1 - - [26/Dec/2018:16:27:14 +0000] "GET /neuesSpiel HTTP/1.1" 200 -
::1 - - [26/Dec/2018:16:27:30 +0000] "GET /neuesSpiel HTTP/1.1" 200 -
::1 - - [26/Dec/2018:16:27:49 +0000] "GET /neuesSpiel HTTP/1.1" 200 -
::1 - - [26/Dec/2018:16:28:09 +0000] "GET /neuesSpiel HTTP/1.1" 200 -
::1 - - [26/Dec/2018:16:28:24 +0000] "GET /neuesSpiel HTTP/1.1" 200 -
::1 - - [26/Dec/2018:16:28:59 +0000] "GET /neuesSpiel HTTP/1.1" 200 -
::1 - - [26/Dec/2018:16:29:08 +0000] "GET /neuesSpiel HTTP/1.1" 200 -
::1 - - [26/Dec/2018:16:29:30 +0000] "GET /neuesSpiel HTTP/1.1" 200 -
::1 - - [26/Dec/2018:16:29:54 +0000] "GET /neuesSpiel HTTP/1.1" 200 -
::1 - - [26/Dec/2018:16:30:24 +0000] "GET /neuesSpiel HTTP/1.1" 200 -
::1 - - [26/Dec/2018:16:30:59 +0000] "GET /neuesSpiel HTTP/1.1" 200 -
::1 - - [26/Dec/2018:16:31:06 +0000] "GET /neuesSpiel HTTP/1.1" 200 -
::1 - - [26/Dec/2018:16:31:28 +0000] "GET /neuesSpiel HTTP/1.1" 200 -
::1 - - [26/Dec/2018:16:31:48 +0000] "GET /neuesSpiel HTTP/1.1" 200 -
::1 - - [26/Dec/2018:16:32:31 +0000] "GET /neuesSpiel HTTP/1.1" 200 -
::1 - - [26/Dec/2018:16:32:47 +0000] "GET /neuesSpiel HTTP/1.1" 200 -
::1 - - [26/Dec/2018:16:36:11 +0000] "GET /neuesSpiel?neuesSpielID=5 HTTP/1.1" 200 -
::1 - - [26/Dec/2018:16:36:37 +0000] "GET /neuesSpiel?neuesSpielID=5 HTTP/1.1" 200 -
::1 - - [26/Dec/2018:16:37:10 +0000] "GET /neuesSpiel?neuesSpielID=5 HTTP/1.1" 200 -
::1 - - [26/Dec/2018:16:37:33 +0000] "GET /neuesSpiel?neuesSpielID=5 HTTP/1.1" 200 -
::1 - - [26/Dec/2018:16:37:49 +0000] "GET /neuesSpiel?neuesSpielID=5 HTTP/1.1" 200 -
::1 - - [26/Dec/2018:16:38:00 +0000] "GET /neuesSpiel?neuesSpielID=5 HTTP/1.1" 200 -
::1 - - [26/Dec/2018:16:38:18 +0000] "GET /neuesSpiel?neuesSpielID=5 HTTP/1.1" 200 -
::1 - - [26/Dec/2018:16:38:41 +0000] "GET /neuesSpiel?neuesSpielID=5 HTTP/1.1" 200 -
::1 - - [26/Dec/2018:16:38:59 +0000] "GET /neuesSpiel?neuesSpielID=5 HTTP/1.1" 200 -
::1 - - [26/Dec/2018:16:39:12 +0000] "GET /neuesSpiel?neuesSpielID=5 HTTP/1.1" 200 -
::1 - - [26/Dec/2018:16:39:45 +0000] "GET /neuesSpiel?neuesSpielID=5 HTTP/1.1" 200 -
::1 - - [26/Dec/2018:16:40:03 +0000] "GET /neuesSpiel?neuesSpielID=5 HTTP/1.1" 200 -
::1 - - [26/Dec/2018:16:40:23 +0000] "GET /neuesSpiel?neuesSpielID=5 HTTP/1.1" 200 -
::1 - - [26/Dec/2018:16:40:33 +0000] "GET /neuesSpiel?neuesSpielID=5 HTTP/1.1" 200 -
::1 - - [26/Dec/2018:16:40:41 +0000] "GET /neuesSpiel?neuesSpielID=5 HTTP/1.1" 200 -
::1 - - [26/Dec/2018:16:40:56 +0000] "GET /neuesSpiel?neuesSpielID=5 HTTP/1.1" 200 -
::1 - - [26/Dec/2018:16:41:05 +0000] "GET /neuesSpiel?neuesSpielID=5 HTTP/1.1" 200 -
::1 - - [26/Dec/2018:16:41:40 +0000] "GET /neuesSpiel?neuesSpielID=5 HTTP/1.1" 200 -
::1 - - [26/Dec/2018:16:42:04 +0000] "GET /neuesSpiel?neuesSpielID=5 HTTP/1.1" 200 -
::1 - - [26/Dec/2018:16:42:31 +0000] "GET /neuesSpiel?neuesSpielID=5 HTTP/1.1" 200 -
::1 - - [26/Dec/2018:16:45:09 +0000] "GET /neuesSpiel?neuesSpielID=5 HTTP/1.1" 200 -
::1 - - [26/Dec/2018:16:45:25 +0000] "GET /neuesSpiel?neuesSpielID=5 HTTP/1.1" 200 -
::1 - - [26/Dec/2018:16:45:54 +0000] "GET /neuesSpiel?neuesSpielID=5 HTTP/1.1" 200 -
::1 - - [26/Dec/2018:16:46:24 +0000] "GET /neuesSpiel?neuesSpielID=5 HTTP/1.1" 200 -
::1 - - [26/Dec/2018:16:46:40 +0000] "GET /neuesSpiel?neuesSpielID=5 HTTP/1.1" 200 -
::1 - - [26/Dec/2018:16:50:03 +0000] "GET /neuesSpiel?neuesSpielID=5 HTTP/1.1" 200 -
::1 - - [26/Dec/2018:16:52:11 +0000] "GET /neuesSpiel?neuesSpielID=5 HTTP/1.1" 200 -
::1 - - [26/Dec/2018:16:52:26 +0000] "GET /neuesSpiel?neuesSpielID=5 HTTP/1.1" 200 -
::1 - - [26/Dec/2018:16:52:47 +0000] "GET /neuesSpiel?neuesSpielID=5 HTTP/1.1" 200 -
::1 - - [26/Dec/2018:16:53:22 +0000] "GET /neuesSpiel?neuesSpielID=5 HTTP/1.1" 200 -
::1 - - [26/Dec/2018:16:54:42 +0000] "GET /neuesSpiel?neuesSpielID=5 HTTP/1.1" 200 -
::1 - - [26/Dec/2018:16:57:22 +0000] "GET /neuesSpiel?neuesSpielID=5 HTTP/1.1" 200 -
::1 - - [26/Dec/2018:16:57:44 +0000] "GET /neuesSpiel?neuesSpielID=5 HTTP/1.1" 200 -
::1 - - [26/Dec/2018:16:58:16 +0000] "GET /neuesSpiel?neuesSpielID=5 HTTP/1.1" 200 -
::1 - - [26/Dec/2018:16:58:46 +0000] "GET /neuesSpiel?neuesSpielID=5 HTTP/1.1" 200 -
::1 - - [26/Dec/2018:17:08:18 +0000] "GET /neuesSpiel?neuesSpielID=5 HTTP/1.1" 200 -
::1 - - [26/Dec/2018:17:08:31 +0000] "GET /neuesSpiel?neuesSpielID=5 HTTP/1.1" 200 -
::1 - - [26/Dec/2018:17:10:23 +0000] "GET /neuesSpiel?neuesSpielID=5 HTTP/1.1" 200 -
::1 - - [26/Dec/2018:17:10:32 +0000] "GET /neuesSpiel?neuesSpielID=5 HTTP/1.1" 200 -
::1 - - [26/Dec/2018:17:10:44 +0000] "GET /neuesSpiel?neuesSpielID=5 HTTP/1.1" 200 -
::1 - - [26/Dec/2018:17:10:54 +0000] "GET /neuesSpiel?neuesSpielID=5 HTTP/1.1" 200 -
::1 - - [26/Dec/2018:17:12:01 +0000] "GET /neuesSpiel?neuesSpielID=5 HTTP/1.1" 200 -
::1 - - [26/Dec/2018:17:12:41 +0000] "GET /neuesSpiel?neuesSpielID=5 HTTP/1.1" 200 -
::1 - - [26/Dec/2018:17:13:40 +0000] "GET /neuesSpiel?neuesSpielID=5 HTTP/1.1" 200 -
::1 - - [26/Dec/2018:17:13:49 +0000] "GET /neuesSpiel?neuesSpielID=5 HTTP/1.1" 200 -
::1 - - [26/Dec/2018:17:14:11 +0000] "GET /neuesSpiel?neuesSpielID=5 HTTP/1.1" 200 -
::1 - - [26/Dec/2018:17:14:26 +0000] "GET /neuesSpiel?neuesSpielID=5 HTTP/1.1" 200 -
::1 - - [26/Dec/2018:17:21:16 +0000] "GET /neuesSpiel?neuesSpielID=5 HTTP/1.1" 200 -
::1 - - [26/Dec/2018:17:24:14 +0000] "GET /neuesSpiel?neuesSpielID=5 HTTP/1.1" 200 -
::1 - - [26/Dec/2018:17:25:17 +0000] "GET /neuesSpiel?neuesSpielID=5 HTTP/1.1" 200 -
::1 - - [26/Dec/2018:17:26:47 +0000] "GET /neuesSpiel?neuesSpielID=5 HTTP/1.1" 200 -
::1 - - [26/Dec/2018:17:27:03 +0000] "GET /neuesSpiel?neuesSpielID=5 HTTP/1.1" 200 -
::1 - - [26/Dec/2018:17:27:22 +0000] "GET /neuesSpiel?neuesSpielID=5 HTTP/1.1" 200 -
::1 - - [26/Dec/2018:17:27:22 +0000] "GET /neuesSpiel?neuesSpielID=5 HTTP/1.1" 200 -
::1 - - [26/Dec/2018:17:28:14 +0000] "GET /neuesSpiel?neuesSpielID=5 HTTP/1.1" 200 -
::1 - - [26/Dec/2018:17:28:48 +0000] "GET /neuesSpiel?neuesSpielID=5 HTTP/1.1" 200 -
::1 - - [26/Dec/2018:17:29:45 +0000] "GET /neuesSpiel?neuesSpielID=5 HTTP/1.1" 200 -
::1 - - [26/Dec/2018:17:30:12 +0000] "GET /neuesSpiel?neuesSpielID=5 HTTP/1.1" 200 -
::1 - - [26/Dec/2018:17:31:06 +0000] "GET /neuesSpiel?neuesSpielID=5 HTTP/1.1" 200 -
::1 - - [26/Dec/2018:17:31:47 +0000] "GET /neuesSpiel?neuesSpielID=5 HTTP/1.1" 200 -
::1 - - [26/Dec/2018:17:32:02 +0000] "GET /neuesSpiel?neuesSpielID=5 HTTP/1.1" 200 -
::1 - - [26/Dec/2018:19:50:22 +0000] "GET / HTTP/1.1" 200 -
::1 - - [26/Dec/2018:19:50:44 +0000] "GET / HTTP/1.1" 200 -
::1 - - [26/Dec/2018:19:50:52 +0000] "GET / HTTP/1.1" 200 -
::1 - - [26/Dec/2018:19:51:29 +0000] "GET / HTTP/1.1" 200 -
::1 - - [26/Dec/2018:19:51:33 +0000] "GET / HTTP/1.1" 200 -
::1 - - [26/Dec/2018:19:51:43 +0000] "GET / HTTP/1.1" 200 -
::1 - - [26/Dec/2018:19:51:48 +0000] "GET / HTTP/1.1" 200 -
::1 - - [26/Dec/2018:19:52:10 +0000] "GET / HTTP/1.1" 200 -
::1 - - [26/Dec/2018:19:52:11 +0000] "GET / HTTP/1.1" 200 -
::1 - - [26/Dec/2018:19:52:11 +0000] "GET / HTTP/1.1" 200 -
::1 - - [26/Dec/2018:19:52:17 +0000] "GET / HTTP/1.1" 200 -
::1 - - [26/Dec/2018:19:52:19 +0000] "GET / HTTP/1.1" 200 -
::1 - - [26/Dec/2018:19:58:41 +0000] "GET / HTTP/1.1" 200 -
::1 - - [26/Dec/2018:19:58:42 +0000] "GET / HTTP/1.1" 200 -
::1 - - [26/Dec/2018:19:58:59 +0000] "GET / HTTP/1.1" 200 -
::1 - - [26/Dec/2018:19:59:06 +0000] "GET / HTTP/1.1" 200 -
::1 - - [26/Dec/2018:19:59:06 +0000] "GET / HTTP/1.1" 200 -
::1 - - [26/Dec/2018:19:59:06 +0000] "GET / HTTP/1.1" 200 -
::1 - - [26/Dec/2018:19:59:07 +0000] "GET / HTTP/1.1" 200 -
::1 - - [26/Dec/2018:19:59:07 +0000] "GET / HTTP/1.1" 200 -
::1 - - [26/Dec/2018:19:59:07 +0000] "GET / HTTP/1.1" 200 -
::1 - - [26/Dec/2018:19:59:07 +0000] "GET / HTTP/1.1" 200 -
::1 - - [26/Dec/2018:19:59:07 +0000] "GET / HTTP/1.1" 200 -
::1 - - [26/Dec/2018:19:59:08 +0000] "GET / HTTP/1.1" 200 -
::1 - - [26/Dec/2018:20:01:13 +0000] "GET / HTTP/1.1" 200 -
::1 - - [26/Dec/2018:20:01:13 +0000] "GET /public/pictures/B_S.jpg HTTP/1.1" 404 162
::1 - - [26/Dec/2018:20:01:13 +0000] "GET /public/pictures/chess-header.jpg HTTP/1.1" 404 171
::1 - - [26/Dec/2018:20:01:14 +0000] "GET / HTTP/1.1" 200 -
::1 - - [26/Dec/2018:20:01:14 +0000] "GET /public/pictures/B_S.jpg HTTP/1.1" 404 162
::1 - - [26/Dec/2018:20:01:14 +0000] "GET /public/pictures/chess-header.jpg HTTP/1.1" 404 171
::1 - - [26/Dec/2018:20:01:40 +0000] "GET / HTTP/1.1" 200 -
::1 - - [26/Dec/2018:20:01:40 +0000] "GET /public/pictures/chess-header.jpg HTTP/1.1" 404 171
::1 - - [26/Dec/2018:20:01:41 +0000] "GET / HTTP/1.1" 200 -
::1 - - [26/Dec/2018:20:01:41 +0000] "GET /public/pictures/chess-header.jpg HTTP/1.1" 404 171
::1 - - [26/Dec/2018:20:02:30 +0000] "GET / HTTP/1.1" 200 -
::1 - - [26/Dec/2018:20:02:30 +0000] "GET /pictures/chess-header.jpg HTTP/1.1" 404 164
::1 - - [26/Dec/2018:20:02:31 +0000] "GET / HTTP/1.1" 200 -
::1 - - [26/Dec/2018:20:02:31 +0000] "GET /pictures/chess-header.jpg HTTP/1.1" 404 164
::1 - - [26/Dec/2018:20:02:32 +0000] "GET / HTTP/1.1" 200 -
::1 - - [26/Dec/2018:20:02:32 +0000] "GET /pictures/chess-header.jpg HTTP/1.1" 404 164
::1 - - [26/Dec/2018:20:02:32 +0000] "GET / HTTP/1.1" 200 -
::1 - - [26/Dec/2018:20:02:32 +0000] "GET /pictures/chess-header.jpg HTTP/1.1" 404 164
::1 - - [26/Dec/2018:20:02:32 +0000] "GET / HTTP/1.1" 200 -
::1 - - [26/Dec/2018:20:02:32 +0000] "GET /pictures/chess-header.jpg HTTP/1.1" 404 164
::1 - - [26/Dec/2018:20:02:33 +0000] "GET / HTTP/1.1" 200 -
::1 - - [26/Dec/2018:20:02:33 +0000] "GET /pictures/chess-header.jpg HTTP/1.1" 404 164
::1 - - [26/Dec/2018:20:02:33 +0000] "GET / HTTP/1.1" 200 -
::1 - - [26/Dec/2018:20:02:33 +0000] "GET /pictures/chess-header.jpg HTTP/1.1" 404 164
::1 - - [26/Dec/2018:20:04:01 +0000] "GET / HTTP/1.1" 200 -
::1 - - [26/Dec/2018:20:04:01 +0000] "GET /public/pictures/chess-header.jpg HTTP/1.1" 404 171
::1 - - [26/Dec/2018:20:05:49 +0000] "GET / HTTP/1.1" 200 -
::1 - - [26/Dec/2018:20:05:49 +0000] "GET /public/pictures/chess-header.jpg HTTP/1.1" 404 171
::1 - - [26/Dec/2018:20:07:43 +0000] "GET / HTTP/1.1" 200 -
::1 - - [26/Dec/2018:20:07:43 +0000] "GET /pictures/chess-header.jpg HTTP/1.1" 404 164
::1 - - [26/Dec/2018:20:07:43 +0000] "GET / HTTP/1.1" 200 -
::1 - - [26/Dec/2018:20:07:43 +0000] "GET /pictures/chess-header.jpg HTTP/1.1" 404 164
::1 - - [26/Dec/2018:20:07:44 +0000] "GET / HTTP/1.1" 200 -
::1 - - [26/Dec/2018:20:07:44 +0000] "GET /pictures/chess-header.jpg HTTP/1.1" 404 164
::1 - - [26/Dec/2018:20:07:44 +0000] "GET / HTTP/1.1" 200 -
::1 - - [26/Dec/2018:20:07:44 +0000] "GET /pictures/chess-header.jpg HTTP/1.1" 404 164
::1 - - [26/Dec/2018:20:07:44 +0000] "GET / HTTP/1.1" 200 -
::1 - - [26/Dec/2018:20:07:44 +0000] "GET /pictures/chess-header.jpg HTTP/1.1" 404 164
::1 - - [26/Dec/2018:20:08:15 +0000] "GET /api/courses HTTP/1.1" 404 150
::1 - - [26/Dec/2018:20:08:48 +0000] "GET /api/init/index HTTP/1.1" 404 153
::1 - - [26/Dec/2018:20:08:53 +0000] "GET /api/init/index/ HTTP/1.1" 404 154
::1 - - [26/Dec/2018:20:09:00 +0000] "GET /public HTTP/1.1" 404 145
::1 - - [26/Dec/2018:20:09:04 +0000] "GET /public/ HTTP/1.1" 404 146
::1 - - [26/Dec/2018:20:09:22 +0000] "GET /public/pictures HTTP/1.1" 404 154
::1 - - [26/Dec/2018:20:09:32 +0000] "GET /public/pictures/B_S.jpg HTTP/1.1" 404 162
::1 - - [26/Dec/2018:20:10:12 +0000] "GET / HTTP/1.1" 200 -
::1 - - [26/Dec/2018:20:10:12 +0000] "GET /chess-header.jpg HTTP/1.1" 404 155
::1 - - [26/Dec/2018:20:10:23 +0000] "GET / HTTP/1.1" 200 -
::1 - - [26/Dec/2018:20:10:23 +0000] "GET /chess-header.jpg HTTP/1.1" 404 155
::1 - - [26/Dec/2018:20:10:49 +0000] "GET / HTTP/1.1" 200 -
::1 - - [26/Dec/2018:20:10:49 +0000] "GET /html/chess-header.jpg HTTP/1.1" 404 160
::1 - - [26/Dec/2018:20:11:21 +0000] "GET / HTTP/1.1" 200 -
::1 - - [26/Dec/2018:20:11:21 +0000] "GET /html/chess-header-jpg HTTP/1.1" 404 160
::1 - - [26/Dec/2018:20:11:22 +0000] "GET / HTTP/1.1" 200 -
::1 - - [26/Dec/2018:20:11:22 +0000] "GET /html/chess-header-jpg HTTP/1.1" 404 160
::1 - - [26/Dec/2018:21:09:28 +0000] "GET / HTTP/1.1" 200 -
::1 - - [26/Dec/2018:21:09:28 +0000] "GET /public/img/chess-header.jpg HTTP/1.1" 404 166
::1 - - [26/Dec/2018:21:09:42 +0000] "GET / HTTP/1.1" 200 -
::1 - - [26/Dec/2018:21:09:42 +0000] "GET /public/img/chess-header.jpg HTTP/1.1" 404 166
::1 - - [26/Dec/2018:21:09:48 +0000] "GET / HTTP/1.1" 200 -
::1 - - [26/Dec/2018:21:09:48 +0000] "GET /img/chess-header.jpg HTTP/1.1" 404 159
::1 - - [26/Dec/2018:21:09:51 +0000] "GET / HTTP/1.1" 200 -
::1 - - [26/Dec/2018:21:09:51 +0000] "GET /img/chess-header.jpg HTTP/1.1" 404 159
::1 - - [26/Dec/2018:21:10:13 +0000] "GET / HTTP/1.1" 200 -
::1 - - [26/Dec/2018:21:10:13 +0000] "GET /public/img/chess-header.jpg HTTP/1.1" 404 166
::1 - - [26/Dec/2018:21:11:22 +0000] "GET / HTTP/1.1" 200 -
::1 - - [26/Dec/2018:21:11:22 +0000] "GET /public/img/chess-header.jpg HTTP/1.1" 404 166
::1 - - [26/Dec/2018:21:11:23 +0000] "GET / HTTP/1.1" 200 -
::1 - - [26/Dec/2018:21:11:23 +0000] "GET /public/img/chess-header.jpg HTTP/1.1" 404 166
::1 - - [26/Dec/2018:21:11:24 +0000] "GET / HTTP/1.1" 200 -
::1 - - [26/Dec/2018:21:11:24 +0000] "GET /public/img/chess-header.jpg HTTP/1.1" 404 166
::1 - - [26/Dec/2018:21:11:24 +0000] "GET / HTTP/1.1" 200 -
::1 - - [26/Dec/2018:21:11:24 +0000] "GET /public/img/chess-header.jpg HTTP/1.1" 404 166
::1 - - [26/Dec/2018:21:11:25 +0000] "GET / HTTP/1.1" 200 -
::1 - - [26/Dec/2018:21:11:25 +0000] "GET /public/img/chess-header.jpg HTTP/1.1" 404 166
::1 - - [26/Dec/2018:21:11:25 +0000] "GET / HTTP/1.1" 200 -
::1 - - [26/Dec/2018:21:11:25 +0000] "GET /public/img/chess-header.jpg HTTP/1.1" 404 166
::1 - - [26/Dec/2018:21:11:26 +0000] "GET / HTTP/1.1" 200 -
::1 - - [26/Dec/2018:21:11:26 +0000] "GET /public/img/chess-header.jpg HTTP/1.1" 404 166
::1 - - [26/Dec/2018:21:11:26 +0000] "GET / HTTP/1.1" 200 -
::1 - - [26/Dec/2018:21:11:26 +0000] "GET /public/img/chess-header.jpg HTTP/1.1" 404 166
::1 - - [26/Dec/2018:21:11:26 +0000] "GET / HTTP/1.1" 200 -
::1 - - [26/Dec/2018:21:11:26 +0000] "GET /public/img/chess-header.jpg HTTP/1.1" 404 166
::1 - - [26/Dec/2018:21:11:27 +0000] "GET /public/img/chess-header.jpg HTTP/1.1" 404 166
::1 - - [26/Dec/2018:21:11:29 +0000] "GET / HTTP/1.1" 200 -
::1 - - [26/Dec/2018:21:11:29 +0000] "GET /public/img/chess-header.jpg HTTP/1.1" 404 166
::1 - - [26/Dec/2018:21:11:31 +0000] "GET / HTTP/1.1" 200 -
::1 - - [26/Dec/2018:21:11:31 +0000] "GET /public/img/chess-header.jpg HTTP/1.1" 404 166
::1 - - [26/Dec/2018:21:12:22 +0000] "GET / HTTP/1.1" 200 -
::1 - - [26/Dec/2018:21:12:22 +0000] "GET /public/img/chess-header.jpg HTTP/1.1" 404 166
::1 - - [26/Dec/2018:21:13:34 +0000] "GET / HTTP/1.1" 200 -
::1 - - [26/Dec/2018:21:13:34 +0000] "GET /public/img/chess-header.jpg HTTP/1.1" 404 166
::1 - - [26/Dec/2018:21:13:35 +0000] "GET / HTTP/1.1" 200 -
::1 - - [26/Dec/2018:21:13:35 +0000] "GET /public/img/chess-header.jpg HTTP/1.1" 404 166
::1 - - [26/Dec/2018:21:13:47 +0000] "GET / HTTP/1.1" 200 -
::1 - - [26/Dec/2018:21:13:47 +0000] "GET /img/chess-header.jpg HTTP/1.1" 404 159
::1 - - [26/Dec/2018:21:13:48 +0000] "GET / HTTP/1.1" 200 -
::1 - - [26/Dec/2018:21:13:48 +0000] "GET /img/chess-header.jpg HTTP/1.1" 404 159
::1 - - [26/Dec/2018:21:13:52 +0000] "GET / HTTP/1.1" 200 -
::1 - - [26/Dec/2018:21:13:52 +0000] "GET /img/chess-header.jpg HTTP/1.1" 404 159
::1 - - [26/Dec/2018:21:13:56 +0000] "GET / HTTP/1.1" 200 -
::1 - - [26/Dec/2018:21:13:57 +0000] "GET /chess-header.jpg HTTP/1.1" 200 61877
::1 - - [26/Dec/2018:21:14:20 +0000] "GET / HTTP/1.1" 200 -
::1 - - [26/Dec/2018:21:14:20 +0000] "GET /B_S.jpg HTTP/1.1" 404 146
::1 - - [26/Dec/2018:21:14:20 +0000] "GET /chess-header.jpg HTTP/1.1" 304 -
::1 - - [26/Dec/2018:21:14:28 +0000] "GET / HTTP/1.1" 200 -
::1 - - [26/Dec/2018:21:14:28 +0000] "GET /B_S.png HTTP/1.1" 200 90013
::1 - - [26/Dec/2018:21:14:28 +0000] "GET /chess-header.jpg HTTP/1.1" 304 -
::1 - - [26/Dec/2018:21:14:39 +0000] "GET / HTTP/1.1" 200 -
::1 - - [26/Dec/2018:21:14:39 +0000] "GET /B_S.png HTTP/1.1" 304 -
::1 - - [26/Dec/2018:21:14:39 +0000] "GET /chess-header.jpg HTTP/1.1" 304 -
::1 - - [26/Dec/2018:21:14:39 +0000] "GET / HTTP/1.1" 200 -
::1 - - [26/Dec/2018:21:14:39 +0000] "GET /B_S.png HTTP/1.1" 304 -
::1 - - [26/Dec/2018:21:14:39 +0000] "GET /chess-header.jpg HTTP/1.1" 304 -
::1 - - [26/Dec/2018:21:14:39 +0000] "GET / HTTP/1.1" 200 -
::1 - - [26/Dec/2018:21:14:39 +0000] "GET /B_S.png HTTP/1.1" 304 -
::1 - - [26/Dec/2018:21:14:39 +0000] "GET /chess-header.jpg HTTP/1.1" 304 -
::1 - - [26/Dec/2018:21:14:44 +0000] "GET / HTTP/1.1" 200 -
::1 - - [26/Dec/2018:21:14:44 +0000] "GET /chess-header.jpg HTTP/1.1" 304 -
::1 - - [26/Dec/2018:21:15:36 +0000] "GET /neuesSpiel?neuesSpielID=5 HTTP/1.1" 200 -
::1 - - [26/Dec/2018:21:17:48 +0000] "GET /neuesSpiel?neuesSpielID=5 HTTP/1.1" 200 -
::1 - - [26/Dec/2018:21:17:52 +0000] "GET /neuesSpiel?neuesSpielID=5 HTTP/1.1" 200 -
::1 - - [26/Dec/2018:21:17:53 +0000] "GET /neuesSpiel?neuesSpielID=5 HTTP/1.1" 200 -
::1 - - [26/Dec/2018:21:18:02 +0000] "GET /neuesSpiel?neuesSpielID=5 HTTP/1.1" 200 -
::1 - - [26/Dec/2018:21:24:17 +0000] "GET /neuesSpiel?neuesSpielID=5 HTTP/1.1" 200 -
::1 - - [26/Dec/2018:21:30:36 +0000] "GET /neuesSpiel?neuesSpielID=5 HTTP/1.1" 200 -
::1 - - [26/Dec/2018:21:30:38 +0000] "GET /neuesSpiel?neuesSpielID=5 HTTP/1.1" 200 -
::1 - - [26/Dec/2018:21:30:39 +0000] "GET /neuesSpiel?neuesSpielID=5 HTTP/1.1" 200 -
::1 - - [26/Dec/2018:21:30:40 +0000] "GET /neuesSpiel?neuesSpielID=5 HTTP/1.1" 200 -
::1 - - [26/Dec/2018:21:54:14 +0000] "GET / HTTP/1.1" 200 -
::1 - - [26/Dec/2018:21:54:14 +0000] "GET /chess-header.jpg HTTP/1.1" 304 -
::1 - - [26/Dec/2018:21:54:19 +0000] "GET /neuesSpiel?neuesSpielID=5 HTTP/1.1" 200 -
::1 - - [26/Dec/2018:21:55:03 +0000] "GET /neuesSpiel?neuesSpielID=5 HTTP/1.1" 200 -
::1 - - [26/Dec/2018:21:55:54 +0000] "GET /neuesSpiel?neuesSpielID=5 HTTP/1.1" 200 -
::1 - - [26/Dec/2018:22:15:27 +0000] "GET /neuesSpiel?neuesSpielID=5 HTTP/1.1" 200 -
::1 - - [26/Dec/2018:22:25:42 +0000] "GET /neuesSpiel?neuesSpielID=5 HTTP/1.1" 200 -
::1 - - [26/Dec/2018:22:26:07 +0000] "GET /neuesSpiel?neuesSpielID=5 HTTP/1.1" 200 -
::1 - - [26/Dec/2018:22:26:07 +0000] "GET /T_W.png HTTP/1.1" 200 78981
::1 - - [26/Dec/2018:22:26:07 +0000] "GET /S_W.png HTTP/1.1" 404 146
::1 - - [26/Dec/2018:22:26:07 +0000] "GET /D_W.png HTTP/1.1" 404 146
::1 - - [26/Dec/2018:22:26:07 +0000] "GET /L_W.png HTTP/1.1" 200 45033
::1 - - [26/Dec/2018:22:26:07 +0000] "GET /K_W.png HTTP/1.1" 200 65026
::1 - - [26/Dec/2018:22:26:07 +0000] "GET /B_W.png HTTP/1.1" 200 92968
::1 - - [26/Dec/2018:22:28:09 +0000] "GET /neuesSpiel?neuesSpielID=5 HTTP/1.1" 200 -
::1 - - [26/Dec/2018:22:29:18 +0000] "GET /neuesSpiel?neuesSpielID=5 HTTP/1.1" 200 -
::1 - - [26/Dec/2018:22:29:30 +0000] "GET /neuesSpiel?neuesSpielID=5 HTTP/1.1" 200 -
::1 - - [26/Dec/2018:22:29:30 +0000] "GET /T_W.png HTTP/1.1" 304 -
::1 - - [26/Dec/2018:22:29:30 +0000] "GET /S_W.png HTTP/1.1" 200 73547
::1 - - [26/Dec/2018:22:29:31 +0000] "GET /L_W.png HTTP/1.1" 304 -
::1 - - [26/Dec/2018:22:29:31 +0000] "GET /D_W.png HTTP/1.1" 200 67203
::1 - - [26/Dec/2018:22:29:31 +0000] "GET /K_W.png HTTP/1.1" 304 -
::1 - - [26/Dec/2018:22:29:31 +0000] "GET /B_W.png HTTP/1.1" 304 -
::1 - - [26/Dec/2018:22:32:27 +0000] "GET /neuesSpiel?neuesSpielID=5 HTTP/1.1" 200 -
::1 - - [26/Dec/2018:22:32:27 +0000] "GET /T_W.png HTTP/1.1" 304 -
::1 - - [26/Dec/2018:22:32:27 +0000] "GET /S_W.png HTTP/1.1" 304 -
::1 - - [26/Dec/2018:22:32:27 +0000] "GET /L_W.png HTTP/1.1" 304 -
::1 - - [26/Dec/2018:22:32:27 +0000] "GET /D_W.png HTTP/1.1" 304 -
::1 - - [26/Dec/2018:22:32:27 +0000] "GET /K_W.png HTTP/1.1" 304 -
::1 - - [26/Dec/2018:22:32:27 +0000] "GET /B_W.png HTTP/1.1" 304 -
::1 - - [26/Dec/2018:22:34:05 +0000] "GET /neuesSpiel?neuesSpielID=5 HTTP/1.1" 200 -
::1 - - [26/Dec/2018:22:34:05 +0000] "GET /T_W.png HTTP/1.1" 304 -
::1 - - [26/Dec/2018:22:34:05 +0000] "GET /S_W.png HTTP/1.1" 304 -
::1 - - [26/Dec/2018:22:34:05 +0000] "GET /L_W.png HTTP/1.1" 304 -
::1 - - [26/Dec/2018:22:34:05 +0000] "GET /D_W.png HTTP/1.1" 304 -
::1 - - [26/Dec/2018:22:34:05 +0000] "GET /K_W.png HTTP/1.1" 304 -
::1 - - [26/Dec/2018:22:34:05 +0000] "GET /B_W.png HTTP/1.1" 304 -
::1 - - [26/Dec/2018:22:34:44 +0000] "GET /neuesSpiel?neuesSpielID=5 HTTP/1.1" 200 -
::1 - - [26/Dec/2018:22:34:44 +0000] "GET /T_W.png HTTP/1.1" 304 -
::1 - - [26/Dec/2018:22:34:44 +0000] "GET /S_W.png HTTP/1.1" 304 -
::1 - - [26/Dec/2018:22:34:44 +0000] "GET /L_W.png HTTP/1.1" 304 -
::1 - - [26/Dec/2018:22:34:44 +0000] "GET /D_W.png HTTP/1.1" 304 -
::1 - - [26/Dec/2018:22:34:44 +0000] "GET /K_W.png HTTP/1.1" 304 -
::1 - - [26/Dec/2018:22:34:44 +0000] "GET /B_W.png HTTP/1.1" 304 -
::1 - - [26/Dec/2018:22:35:18 +0000] "GET /neuesSpiel?neuesSpielID=5 HTTP/1.1" 200 -
::1 - - [26/Dec/2018:22:35:18 +0000] "GET /T_W.png HTTP/1.1" 304 -
::1 - - [26/Dec/2018:22:35:18 +0000] "GET /S_W.png HTTP/1.1" 304 -
::1 - - [26/Dec/2018:22:35:18 +0000] "GET /L_W.png HTTP/1.1" 304 -
::1 - - [26/Dec/2018:22:35:18 +0000] "GET /D_W.png HTTP/1.1" 304 -
::1 - - [26/Dec/2018:22:35:18 +0000] "GET /K_W.png HTTP/1.1" 304 -
::1 - - [26/Dec/2018:22:35:18 +0000] "GET /B_W.png HTTP/1.1" 304 -
::1 - - [26/Dec/2018:22:36:20 +0000] "GET /neuesSpiel?neuesSpielID=5 HTTP/1.1" 200 -
::1 - - [26/Dec/2018:22:36:20 +0000] "GET /T_S.png HTTP/1.1" 200 55191
::1 - - [26/Dec/2018:22:36:20 +0000] "GET /S_S.png HTTP/1.1" 200 63225
::1 - - [26/Dec/2018:22:36:20 +0000] "GET /L_S.png HTTP/1.1" 200 42787
::1 - - [26/Dec/2018:22:36:20 +0000] "GET /D_S.png HTTP/1.1" 200 61192
::1 - - [26/Dec/2018:22:36:20 +0000] "GET /K_S.png HTTP/1.1" 200 63991
::1 - - [26/Dec/2018:22:36:20 +0000] "GET /B_S.png HTTP/1.1" 304 -
::1 - - [26/Dec/2018:22:36:20 +0000] "GET /B_W.png HTTP/1.1" 304 -
::1 - - [26/Dec/2018:22:36:20 +0000] "GET /T_W.png HTTP/1.1" 304 -
::1 - - [26/Dec/2018:22:36:20 +0000] "GET /S_W.png HTTP/1.1" 304 -
::1 - - [26/Dec/2018:22:36:20 +0000] "GET /L_W.png HTTP/1.1" 304 -
::1 - - [26/Dec/2018:22:36:20 +0000] "GET /D_W.png HTTP/1.1" 304 -
::1 - - [26/Dec/2018:22:36:20 +0000] "GET /K_W.png HTTP/1.1" 304 -
